{"/home/julien/Desktop/Free-Wiggum-opencode/projects/pictureshare/src/components/CommentItem.tsx": {"path":"/home/julien/Desktop/Free-Wiggum-opencode/projects/pictureshare/src/components/CommentItem.tsx","statementMap":{"0":{"start":{"line":12,"column":48},"end":{"line":50,"column":1}},"1":{"start":{"line":13,"column":19},"end":{"line":13,"column":28}},"2":{"start":{"line":14,"column":18},"end":{"line":14,"column":45}},"3":{"start":{"line":16,"column":23},"end":{"line":28,"column":3}},"4":{"start":{"line":17,"column":4},"end":{"line":20,"column":5}},"5":{"start":{"line":18,"column":6},"end":{"line":18,"column":56}},"6":{"start":{"line":19,"column":6},"end":{"line":19,"column":13}},"7":{"start":{"line":22,"column":4},"end":{"line":27,"column":5}},"8":{"start":{"line":23,"column":6},"end":{"line":23,"column":64}},"9":{"start":{"line":24,"column":6},"end":{"line":24,"column":19}},"10":{"start":{"line":26,"column":6},"end":{"line":26,"column":81}},"11":{"start":{"line":30,"column":21},"end":{"line":34,"column":3}},"12":{"start":{"line":31,"column":4},"end":{"line":31,"column":38}},"13":{"start":{"line":31,"column":20},"end":{"line":31,"column":38}},"14":{"start":{"line":32,"column":17},"end":{"line":32,"column":76}},"15":{"start":{"line":33,"column":4},"end":{"line":33,"column":79}},"16":{"start":{"line":36,"column":2},"end":{"line":49,"column":4}},"17":{"start":{"line":52,"column":15},"end":{"line":92,"column":2}}},"fnMap":{"0":{"name":"(anonymous_0)","decl":{"start":{"line":12,"column":48},"end":{"line":12,"column":49}},"loc":{"start":{"line":12,"column":75},"end":{"line":50,"column":1}},"line":12},"1":{"name":"(anonymous_1)","decl":{"start":{"line":16,"column":23},"end":{"line":16,"column":24}},"loc":{"start":{"line":16,"column":35},"end":{"line":28,"column":3}},"line":16},"2":{"name":"(anonymous_2)","decl":{"start":{"line":30,"column":21},"end":{"line":30,"column":22}},"loc":{"start":{"line":30,"column":41},"end":{"line":34,"column":3}},"line":30}},"branchMap":{"0":{"loc":{"start":{"line":17,"column":4},"end":{"line":20,"column":5}},"type":"if","locations":[{"start":{"line":17,"column":4},"end":{"line":20,"column":5}},{"start":{},"end":{}}],"line":17},"1":{"loc":{"start":{"line":26,"column":12},"end":{"line":26,"column":79}},"type":"cond-expr","locations":[{"start":{"line":26,"column":37},"end":{"line":26,"column":50}},{"start":{"line":26,"column":53},"end":{"line":26,"column":79}}],"line":26},"2":{"loc":{"start":{"line":31,"column":4},"end":{"line":31,"column":38}},"type":"if","locations":[{"start":{"line":31,"column":4},"end":{"line":31,"column":38}},{"start":{},"end":{}}],"line":31},"3":{"loc":{"start":{"line":32,"column":17},"end":{"line":32,"column":76}},"type":"cond-expr","locations":[{"start":{"line":32,"column":36},"end":{"line":32,"column":54}},{"start":{"line":32,"column":57},"end":{"line":32,"column":76}}],"line":32},"4":{"loc":{"start":{"line":43,"column":7},"end":{"line":47,"column":7}},"type":"binary-expr","locations":[{"start":{"line":43,"column":7},"end":{"line":43,"column":14}},{"start":{"line":44,"column":8},"end":{"line":46,"column":27}}],"line":43}},"s":{"0":0,"1":0,"2":0,"3":0,"4":0,"5":0,"6":0,"7":0,"8":0,"9":0,"10":0,"11":0,"12":0,"13":0,"14":0,"15":0,"16":0,"17":0},"f":{"0":0,"1":0,"2":0},"b":{"0":[0,0],"1":[0,0],"2":[0,0],"3":[0,0],"4":[0,0]}}
,"/home/julien/Desktop/Free-Wiggum-opencode/projects/pictureshare/src/components/CommentsModal.tsx": {"path":"/home/julien/Desktop/Free-Wiggum-opencode/projects/pictureshare/src/components/CommentsModal.tsx","statementMap":{"0":{"start":{"line":28,"column":52},"end":{"line":152,"column":1}},"1":{"start":{"line":29,"column":19},"end":{"line":29,"column":28}},"2":{"start":{"line":30,"column":34},"end":{"line":30,"column":57}},"3":{"start":{"line":31,"column":46},"end":{"line":31,"column":58}},"4":{"start":{"line":32,"column":32},"end":{"line":32,"column":46}},"5":{"start":{"line":33,"column":38},"end":{"line":33,"column":53}},"6":{"start":{"line":34,"column":40},"end":{"line":34,"column":74}},"7":{"start":{"line":37,"column":2},"end":{"line":51,"column":25}},"8":{"start":{"line":38,"column":4},"end":{"line":38,"column":37}},"9":{"start":{"line":38,"column":30},"end":{"line":38,"column":37}},"10":{"start":{"line":40,"column":4},"end":{"line":40,"column":21}},"11":{"start":{"line":41,"column":18},"end":{"line":44,"column":6}},"12":{"start":{"line":42,"column":6},"end":{"line":42,"column":35}},"13":{"start":{"line":43,"column":6},"end":{"line":43,"column":24}},"14":{"start":{"line":46,"column":4},"end":{"line":46,"column":26}},"15":{"start":{"line":48,"column":4},"end":{"line":50,"column":6}},"16":{"start":{"line":49,"column":6},"end":{"line":49,"column":14}},"17":{"start":{"line":53,"column":27},"end":{"line":74,"column":37}},"18":{"start":{"line":54,"column":4},"end":{"line":57,"column":5}},"19":{"start":{"line":55,"column":6},"end":{"line":55,"column":63}},"20":{"start":{"line":56,"column":6},"end":{"line":56,"column":13}},"21":{"start":{"line":59,"column":17},"end":{"line":59,"column":38}},"22":{"start":{"line":60,"column":4},"end":{"line":63,"column":5}},"23":{"start":{"line":61,"column":6},"end":{"line":61,"column":54}},"24":{"start":{"line":62,"column":6},"end":{"line":62,"column":13}},"25":{"start":{"line":65,"column":4},"end":{"line":65,"column":24}},"26":{"start":{"line":66,"column":4},"end":{"line":73,"column":5}},"27":{"start":{"line":67,"column":6},"end":{"line":67,"column":47}},"28":{"start":{"line":68,"column":6},"end":{"line":68,"column":28}},"29":{"start":{"line":70,"column":6},"end":{"line":70,"column":93}},"30":{"start":{"line":72,"column":6},"end":{"line":72,"column":27}},"31":{"start":{"line":76,"column":30},"end":{"line":80,"column":8}},"32":{"start":{"line":79,"column":4},"end":{"line":79,"column":66}},"33":{"start":{"line":79,"column":26},"end":{"line":79,"column":64}},"34":{"start":{"line":79,"column":45},"end":{"line":79,"column":63}},"35":{"start":{"line":82,"column":24},"end":{"line":84,"column":3}},"36":{"start":{"line":83,"column":4},"end":{"line":83,"column":80}},"37":{"start":{"line":83,"column":48},"end":{"line":83,"column":76}},"38":{"start":{"line":86,"column":2},"end":{"line":151,"column":4}},"39":{"start":{"line":114,"column":36},"end":{"line":114,"column":43}},"40":{"start":{"line":154,"column":15},"end":{"line":236,"column":2}}},"fnMap":{"0":{"name":"(anonymous_0)","decl":{"start":{"line":28,"column":52},"end":{"line":28,"column":53}},"loc":{"start":{"line":28,"column":87},"end":{"line":152,"column":1}},"line":28},"1":{"name":"(anonymous_1)","decl":{"start":{"line":37,"column":12},"end":{"line":37,"column":13}},"loc":{"start":{"line":37,"column":18},"end":{"line":51,"column":3}},"line":37},"2":{"name":"(anonymous_2)","decl":{"start":{"line":41,"column":47},"end":{"line":41,"column":48}},"loc":{"start":{"line":41,"column":68},"end":{"line":44,"column":5}},"line":41},"3":{"name":"(anonymous_3)","decl":{"start":{"line":48,"column":11},"end":{"line":48,"column":12}},"loc":{"start":{"line":48,"column":17},"end":{"line":50,"column":5}},"line":48},"4":{"name":"(anonymous_4)","decl":{"start":{"line":53,"column":39},"end":{"line":53,"column":40}},"loc":{"start":{"line":53,"column":51},"end":{"line":74,"column":3}},"line":53},"5":{"name":"(anonymous_5)","decl":{"start":{"line":76,"column":42},"end":{"line":76,"column":43}},"loc":{"start":{"line":76,"column":65},"end":{"line":80,"column":3}},"line":76},"6":{"name":"(anonymous_6)","decl":{"start":{"line":79,"column":16},"end":{"line":79,"column":17}},"loc":{"start":{"line":79,"column":26},"end":{"line":79,"column":64}},"line":79},"7":{"name":"(anonymous_7)","decl":{"start":{"line":79,"column":38},"end":{"line":79,"column":39}},"loc":{"start":{"line":79,"column":45},"end":{"line":79,"column":63}},"line":79},"8":{"name":"(anonymous_8)","decl":{"start":{"line":82,"column":24},"end":{"line":82,"column":25}},"loc":{"start":{"line":83,"column":4},"end":{"line":83,"column":80}},"line":83},"9":{"name":"(anonymous_9)","decl":{"start":{"line":83,"column":42},"end":{"line":83,"column":43}},"loc":{"start":{"line":83,"column":48},"end":{"line":83,"column":76}},"line":83},"10":{"name":"(anonymous_10)","decl":{"start":{"line":114,"column":26},"end":{"line":114,"column":27}},"loc":{"start":{"line":114,"column":36},"end":{"line":114,"column":43}},"line":114}},"branchMap":{"0":{"loc":{"start":{"line":38,"column":4},"end":{"line":38,"column":37}},"type":"if","locations":[{"start":{"line":38,"column":4},"end":{"line":38,"column":37}},{"start":{},"end":{}}],"line":38},"1":{"loc":{"start":{"line":38,"column":8},"end":{"line":38,"column":28}},"type":"binary-expr","locations":[{"start":{"line":38,"column":8},"end":{"line":38,"column":16}},{"start":{"line":38,"column":20},"end":{"line":38,"column":28}}],"line":38},"2":{"loc":{"start":{"line":54,"column":4},"end":{"line":57,"column":5}},"type":"if","locations":[{"start":{"line":54,"column":4},"end":{"line":57,"column":5}},{"start":{},"end":{}}],"line":54},"3":{"loc":{"start":{"line":60,"column":4},"end":{"line":63,"column":5}},"type":"if","locations":[{"start":{"line":60,"column":4},"end":{"line":63,"column":5}},{"start":{},"end":{}}],"line":60},"4":{"loc":{"start":{"line":70,"column":27},"end":{"line":70,"column":91}},"type":"cond-expr","locations":[{"start":{"line":70,"column":52},"end":{"line":70,"column":65}},{"start":{"line":70,"column":68},"end":{"line":70,"column":91}}],"line":70},"5":{"loc":{"start":{"line":95,"column":18},"end":{"line":95,"column":62}},"type":"cond-expr","locations":[{"start":{"line":95,"column":42},"end":{"line":95,"column":51}},{"start":{"line":95,"column":54},"end":{"line":95,"column":62}}],"line":95},"6":{"loc":{"start":{"line":96,"column":32},"end":{"line":96,"column":62}},"type":"cond-expr","locations":[{"start":{"line":96,"column":56},"end":{"line":96,"column":58}},{"start":{"line":96,"column":61},"end":{"line":96,"column":62}}],"line":96},"7":{"loc":{"start":{"line":106,"column":9},"end":{"line":122,"column":9}},"type":"cond-expr","locations":[{"start":{"line":107,"column":10},"end":{"line":109,"column":17}},{"start":{"line":111,"column":10},"end":{"line":121,"column":12}}],"line":106},"8":{"loc":{"start":{"line":137,"column":14},"end":{"line":137,"column":90}},"type":"binary-expr","locations":[{"start":{"line":137,"column":15},"end":{"line":137,"column":20}},{"start":{"line":137,"column":24},"end":{"line":137,"column":46}},{"start":{"line":137,"column":50},"end":{"line":137,"column":60}},{"start":{"line":137,"column":65},"end":{"line":137,"column":90}}],"line":137},"9":{"loc":{"start":{"line":140,"column":22},"end":{"line":140,"column":67}},"type":"binary-expr","locations":[{"start":{"line":140,"column":22},"end":{"line":140,"column":27}},{"start":{"line":140,"column":31},"end":{"line":140,"column":53}},{"start":{"line":140,"column":57},"end":{"line":140,"column":67}}],"line":140},"10":{"loc":{"start":{"line":142,"column":13},"end":{"line":146,"column":13}},"type":"cond-expr","locations":[{"start":{"line":143,"column":14},"end":{"line":143,"column":61}},{"start":{"line":145,"column":14},"end":{"line":145,"column":61}}],"line":142},"11":{"loc":{"start":{"line":166,"column":16},"end":{"line":166,"column":47}},"type":"cond-expr","locations":[{"start":{"line":166,"column":40},"end":{"line":166,"column":42}},{"start":{"line":166,"column":45},"end":{"line":166,"column":47}}],"line":166}},"s":{"0":0,"1":0,"2":0,"3":0,"4":0,"5":0,"6":0,"7":0,"8":0,"9":0,"10":0,"11":0,"12":0,"13":0,"14":0,"15":0,"16":0,"17":0,"18":0,"19":0,"20":0,"21":0,"22":0,"23":0,"24":0,"25":0,"26":0,"27":0,"28":0,"29":0,"30":0,"31":0,"32":0,"33":0,"34":0,"35":0,"36":0,"37":0,"38":0,"39":0,"40":0},"f":{"0":0,"1":0,"2":0,"3":0,"4":0,"5":0,"6":0,"7":0,"8":0,"9":0,"10":0},"b":{"0":[0,0],"1":[0,0],"2":[0,0],"3":[0,0],"4":[0,0],"5":[0,0],"6":[0,0],"7":[0,0],"8":[0,0,0,0],"9":[0,0,0],"10":[0,0],"11":[0,0]}}
,"/home/julien/Desktop/Free-Wiggum-opencode/projects/pictureshare/src/components/ParticipantsList.tsx": {"path":"/home/julien/Desktop/Free-Wiggum-opencode/projects/pictureshare/src/components/ParticipantsList.tsx","statementMap":{"0":{"start":{"line":20,"column":56},"end":{"line":51,"column":1}},"1":{"start":{"line":21,"column":28},"end":{"line":21,"column":39}},"2":{"start":{"line":22,"column":22},"end":{"line":22,"column":93}},"3":{"start":{"line":26,"column":4},"end":{"line":27,"column":100}},"4":{"start":{"line":29,"column":2},"end":{"line":50,"column":4}},"5":{"start":{"line":57,"column":58},"end":{"line":144,"column":1}},"6":{"start":{"line":58,"column":19},"end":{"line":58,"column":28}},"7":{"start":{"line":59,"column":27},"end":{"line":59,"column":37}},"8":{"start":{"line":60,"column":42},"end":{"line":62,"column":7}},"9":{"start":{"line":63,"column":32},"end":{"line":63,"column":46}},"10":{"start":{"line":64,"column":28},"end":{"line":64,"column":57}},"11":{"start":{"line":66,"column":2},"end":{"line":88,"column":22}},"12":{"start":{"line":67,"column":30},"end":{"line":85,"column":5}},"13":{"start":{"line":68,"column":6},"end":{"line":72,"column":7}},"14":{"start":{"line":69,"column":8},"end":{"line":69,"column":28}},"15":{"start":{"line":70,"column":8},"end":{"line":70,"column":26}},"16":{"start":{"line":71,"column":8},"end":{"line":71,"column":15}},"17":{"start":{"line":74,"column":6},"end":{"line":84,"column":7}},"18":{"start":{"line":75,"column":8},"end":{"line":75,"column":25}},"19":{"start":{"line":76,"column":8},"end":{"line":76,"column":23}},"20":{"start":{"line":77,"column":37},"end":{"line":77,"column":85}},"21":{"start":{"line":78,"column":8},"end":{"line":78,"column":46}},"22":{"start":{"line":80,"column":8},"end":{"line":80,"column":59}},"23":{"start":{"line":81,"column":8},"end":{"line":81,"column":48}},"24":{"start":{"line":83,"column":8},"end":{"line":83,"column":26}},"25":{"start":{"line":87,"column":4},"end":{"line":87,"column":24}},"26":{"start":{"line":90,"column":27},"end":{"line":90,"column":54}},"27":{"start":{"line":92,"column":2},"end":{"line":98,"column":3}},"28":{"start":{"line":93,"column":4},"end":{"line":97,"column":6}},"29":{"start":{"line":100,"column":2},"end":{"line":107,"column":3}},"30":{"start":{"line":101,"column":4},"end":{"line":106,"column":6}},"31":{"start":{"line":109,"column":2},"end":{"line":118,"column":3}},"32":{"start":{"line":110,"column":4},"end":{"line":117,"column":6}},"33":{"start":{"line":113,"column":68},"end":{"line":113,"column":92}},"34":{"start":{"line":120,"column":2},"end":{"line":128,"column":3}},"35":{"start":{"line":121,"column":4},"end":{"line":127,"column":6}},"36":{"start":{"line":130,"column":2},"end":{"line":143,"column":4}},"37":{"start":{"line":133,"column":30},"end":{"line":133,"column":41}},"38":{"start":{"line":134,"column":32},"end":{"line":134,"column":70}},"39":{"start":{"line":146,"column":15},"end":{"line":279,"column":2}}},"fnMap":{"0":{"name":"(anonymous_0)","decl":{"start":{"line":20,"column":56},"end":{"line":20,"column":57}},"loc":{"start":{"line":20,"column":77},"end":{"line":51,"column":1}},"line":20},"1":{"name":"(anonymous_1)","decl":{"start":{"line":57,"column":58},"end":{"line":57,"column":59}},"loc":{"start":{"line":57,"column":75},"end":{"line":144,"column":1}},"line":57},"2":{"name":"(anonymous_2)","decl":{"start":{"line":66,"column":12},"end":{"line":66,"column":13}},"loc":{"start":{"line":66,"column":18},"end":{"line":88,"column":3}},"line":66},"3":{"name":"(anonymous_3)","decl":{"start":{"line":67,"column":30},"end":{"line":67,"column":31}},"loc":{"start":{"line":67,"column":42},"end":{"line":85,"column":5}},"line":67},"4":{"name":"(anonymous_4)","decl":{"start":{"line":113,"column":62},"end":{"line":113,"column":63}},"loc":{"start":{"line":113,"column":68},"end":{"line":113,"column":92}},"line":113},"5":{"name":"(anonymous_5)","decl":{"start":{"line":133,"column":20},"end":{"line":133,"column":21}},"loc":{"start":{"line":133,"column":30},"end":{"line":133,"column":41}},"line":133},"6":{"name":"(anonymous_6)","decl":{"start":{"line":134,"column":18},"end":{"line":134,"column":19}},"loc":{"start":{"line":134,"column":32},"end":{"line":134,"column":70}},"line":134}},"branchMap":{"0":{"loc":{"start":{"line":22,"column":22},"end":{"line":22,"column":93}},"type":"binary-expr","locations":[{"start":{"line":22,"column":22},"end":{"line":22,"column":45}},{"start":{"line":22,"column":49},"end":{"line":22,"column":93}}],"line":22},"1":{"loc":{"start":{"line":26,"column":4},"end":{"line":27,"column":100}},"type":"binary-expr","locations":[{"start":{"line":26,"column":4},"end":{"line":26,"column":24}},{"start":{"line":27,"column":4},"end":{"line":27,"column":100}}],"line":26},"2":{"loc":{"start":{"line":30,"column":42},"end":{"line":30,"column":81}},"type":"binary-expr","locations":[{"start":{"line":30,"column":42},"end":{"line":30,"column":55}},{"start":{"line":30,"column":59},"end":{"line":30,"column":81}}],"line":30},"3":{"loc":{"start":{"line":33,"column":9},"end":{"line":37,"column":9}},"type":"binary-expr","locations":[{"start":{"line":33,"column":9},"end":{"line":33,"column":22}},{"start":{"line":34,"column":10},"end":{"line":36,"column":17}}],"line":33},"4":{"loc":{"start":{"line":42,"column":11},"end":{"line":42,"column":36}},"type":"binary-expr","locations":[{"start":{"line":42,"column":11},"end":{"line":42,"column":24}},{"start":{"line":42,"column":28},"end":{"line":42,"column":36}}],"line":42},"5":{"loc":{"start":{"line":68,"column":6},"end":{"line":72,"column":7}},"type":"if","locations":[{"start":{"line":68,"column":6},"end":{"line":72,"column":7}},{"start":{},"end":{}}],"line":68},"6":{"loc":{"start":{"line":90,"column":27},"end":{"line":90,"column":54}},"type":"binary-expr","locations":[{"start":{"line":90,"column":27},"end":{"line":90,"column":34}},{"start":{"line":90,"column":38},"end":{"line":90,"column":54}}],"line":90},"7":{"loc":{"start":{"line":92,"column":2},"end":{"line":98,"column":3}},"type":"if","locations":[{"start":{"line":92,"column":2},"end":{"line":98,"column":3}},{"start":{},"end":{}}],"line":92},"8":{"loc":{"start":{"line":100,"column":2},"end":{"line":107,"column":3}},"type":"if","locations":[{"start":{"line":100,"column":2},"end":{"line":107,"column":3}},{"start":{},"end":{}}],"line":100},"9":{"loc":{"start":{"line":109,"column":2},"end":{"line":118,"column":3}},"type":"if","locations":[{"start":{"line":109,"column":2},"end":{"line":118,"column":3}},{"start":{},"end":{}}],"line":109},"10":{"loc":{"start":{"line":120,"column":2},"end":{"line":128,"column":3}},"type":"if","locations":[{"start":{"line":120,"column":2},"end":{"line":128,"column":3}},{"start":{},"end":{}}],"line":120},"11":{"loc":{"start":{"line":139,"column":44},"end":{"line":139,"column":80}},"type":"cond-expr","locations":[{"start":{"line":139,"column":72},"end":{"line":139,"column":75}},{"start":{"line":139,"column":78},"end":{"line":139,"column":80}}],"line":139}},"s":{"0":0,"1":0,"2":0,"3":0,"4":0,"5":0,"6":0,"7":0,"8":0,"9":0,"10":0,"11":0,"12":0,"13":0,"14":0,"15":0,"16":0,"17":0,"18":0,"19":0,"20":0,"21":0,"22":0,"23":0,"24":0,"25":0,"26":0,"27":0,"28":0,"29":0,"30":0,"31":0,"32":0,"33":0,"34":0,"35":0,"36":0,"37":0,"38":0,"39":0},"f":{"0":0,"1":0,"2":0,"3":0,"4":0,"5":0,"6":0},"b":{"0":[0,0],"1":[0,0],"2":[0,0],"3":[0,0],"4":[0,0],"5":[0,0],"6":[0,0],"7":[0,0],"8":[0,0],"9":[0,0],"10":[0,0],"11":[0,0]}}
,"/home/julien/Desktop/Free-Wiggum-opencode/projects/pictureshare/src/components/QRCodeDisplay.tsx": {"path":"/home/julien/Desktop/Free-Wiggum-opencode/projects/pictureshare/src/components/QRCodeDisplay.tsx","statementMap":{"0":{"start":{"line":11,"column":39},"end":{"line":29,"column":1}},"1":{"start":{"line":13,"column":19},"end":{"line":15,"column":45}},"2":{"start":{"line":17,"column":2},"end":{"line":28,"column":4}},"3":{"start":{"line":31,"column":15},"end":{"line":68,"column":2}}},"fnMap":{"0":{"name":"(anonymous_0)","decl":{"start":{"line":11,"column":39},"end":{"line":11,"column":40}},"loc":{"start":{"line":11,"column":79},"end":{"line":29,"column":1}},"line":11}},"branchMap":{"0":{"loc":{"start":{"line":11,"column":62},"end":{"line":11,"column":72}},"type":"default-arg","locations":[{"start":{"line":11,"column":69},"end":{"line":11,"column":72}}],"line":11},"1":{"loc":{"start":{"line":13,"column":19},"end":{"line":15,"column":45}},"type":"cond-expr","locations":[{"start":{"line":14,"column":6},"end":{"line":14,"column":39}},{"start":{"line":15,"column":6},"end":{"line":15,"column":45}}],"line":13}},"s":{"0":0,"1":0,"2":0,"3":0},"f":{"0":0},"b":{"0":[0],"1":[0,0]}}
,"/home/julien/Desktop/Free-Wiggum-opencode/projects/pictureshare/src/components/index.ts": {"path":"/home/julien/Desktop/Free-Wiggum-opencode/projects/pictureshare/src/components/index.ts","statementMap":{},"fnMap":{},"branchMap":{},"s":{},"f":{},"b":{}}
,"/home/julien/Desktop/Free-Wiggum-opencode/projects/pictureshare/src/contexts/AuthContext.tsx": {"path":"/home/julien/Desktop/Free-Wiggum-opencode/projects/pictureshare/src/contexts/AuthContext.tsx","statementMap":{"0":{"start":{"line":16,"column":20},"end":{"line":16,"column":73}},"1":{"start":{"line":19,"column":26},"end":{"line":19,"column":53}},"2":{"start":{"line":20,"column":32},"end":{"line":20,"column":46}},"3":{"start":{"line":22,"column":2},"end":{"line":29,"column":9}},"4":{"start":{"line":23,"column":24},"end":{"line":26,"column":6}},"5":{"start":{"line":24,"column":6},"end":{"line":24,"column":24}},"6":{"start":{"line":25,"column":6},"end":{"line":25,"column":24}},"7":{"start":{"line":28,"column":4},"end":{"line":28,"column":23}},"8":{"start":{"line":31,"column":28},"end":{"line":35,"column":3}},"9":{"start":{"line":32,"column":17},"end":{"line":32,"column":49}},"10":{"start":{"line":33,"column":4},"end":{"line":33,"column":18}},"11":{"start":{"line":34,"column":4},"end":{"line":34,"column":16}},"12":{"start":{"line":37,"column":27},"end":{"line":41,"column":3}},"13":{"start":{"line":38,"column":17},"end":{"line":38,"column":48}},"14":{"start":{"line":39,"column":4},"end":{"line":39,"column":18}},"15":{"start":{"line":40,"column":4},"end":{"line":40,"column":16}},"16":{"start":{"line":43,"column":2},"end":{"line":47,"column":4}},"17":{"start":{"line":51,"column":18},"end":{"line":51,"column":41}},"18":{"start":{"line":52,"column":2},"end":{"line":54,"column":3}},"19":{"start":{"line":53,"column":4},"end":{"line":53,"column":67}},"20":{"start":{"line":55,"column":2},"end":{"line":55,"column":17}}},"fnMap":{"0":{"name":"AuthProvider","decl":{"start":{"line":18,"column":16},"end":{"line":18,"column":28}},"loc":{"start":{"line":18,"column":68},"end":{"line":48,"column":1}},"line":18},"1":{"name":"(anonymous_1)","decl":{"start":{"line":22,"column":12},"end":{"line":22,"column":13}},"loc":{"start":{"line":22,"column":18},"end":{"line":29,"column":3}},"line":22},"2":{"name":"(anonymous_2)","decl":{"start":{"line":23,"column":51},"end":{"line":23,"column":52}},"loc":{"start":{"line":23,"column":65},"end":{"line":26,"column":5}},"line":23},"3":{"name":"(anonymous_3)","decl":{"start":{"line":31,"column":28},"end":{"line":31,"column":29}},"loc":{"start":{"line":31,"column":55},"end":{"line":35,"column":3}},"line":31},"4":{"name":"(anonymous_4)","decl":{"start":{"line":37,"column":27},"end":{"line":37,"column":28}},"loc":{"start":{"line":37,"column":54},"end":{"line":41,"column":3}},"line":37},"5":{"name":"useAuth","decl":{"start":{"line":50,"column":16},"end":{"line":50,"column":23}},"loc":{"start":{"line":50,"column":26},"end":{"line":56,"column":1}},"line":50}},"branchMap":{"0":{"loc":{"start":{"line":52,"column":2},"end":{"line":54,"column":3}},"type":"if","locations":[{"start":{"line":52,"column":2},"end":{"line":54,"column":3}},{"start":{},"end":{}}],"line":52}},"s":{"0":0,"1":0,"2":0,"3":0,"4":0,"5":0,"6":0,"7":0,"8":0,"9":0,"10":0,"11":0,"12":0,"13":0,"14":0,"15":0,"16":0,"17":0,"18":0,"19":0,"20":0},"f":{"0":0,"1":0,"2":0,"3":0,"4":0,"5":0},"b":{"0":[0,0]}}
,"/home/julien/Desktop/Free-Wiggum-opencode/projects/pictureshare/src/contexts/EventContext.tsx": {"path":"/home/julien/Desktop/Free-Wiggum-opencode/projects/pictureshare/src/contexts/EventContext.tsx","statementMap":{"0":{"start":{"line":10,"column":21},"end":{"line":10,"column":75}},"1":{"start":{"line":17,"column":42},"end":{"line":17,"column":70}},"2":{"start":{"line":19,"column":28},"end":{"line":21,"column":3}},"3":{"start":{"line":20,"column":4},"end":{"line":20,"column":26}},"4":{"start":{"line":23,"column":2},"end":{"line":27,"column":4}},"5":{"start":{"line":31,"column":18},"end":{"line":31,"column":42}},"6":{"start":{"line":32,"column":2},"end":{"line":34,"column":3}},"7":{"start":{"line":33,"column":4},"end":{"line":33,"column":69}},"8":{"start":{"line":35,"column":2},"end":{"line":35,"column":17}}},"fnMap":{"0":{"name":"EventProvider","decl":{"start":{"line":16,"column":16},"end":{"line":16,"column":29}},"loc":{"start":{"line":16,"column":64},"end":{"line":28,"column":1}},"line":16},"1":{"name":"(anonymous_1)","decl":{"start":{"line":19,"column":28},"end":{"line":19,"column":29}},"loc":{"start":{"line":19,"column":34},"end":{"line":21,"column":3}},"line":19},"2":{"name":"useEvent","decl":{"start":{"line":30,"column":16},"end":{"line":30,"column":24}},"loc":{"start":{"line":30,"column":27},"end":{"line":36,"column":1}},"line":30}},"branchMap":{"0":{"loc":{"start":{"line":32,"column":2},"end":{"line":34,"column":3}},"type":"if","locations":[{"start":{"line":32,"column":2},"end":{"line":34,"column":3}},{"start":{},"end":{}}],"line":32}},"s":{"0":0,"1":0,"2":0,"3":0,"4":0,"5":0,"6":0,"7":0,"8":0},"f":{"0":0,"1":0,"2":0},"b":{"0":[0,0]}}
,"/home/julien/Desktop/Free-Wiggum-opencode/projects/pictureshare/src/contexts/NetworkContext.tsx": {"path":"/home/julien/Desktop/Free-Wiggum-opencode/projects/pictureshare/src/contexts/NetworkContext.tsx","statementMap":{"0":{"start":{"line":12,"column":23},"end":{"line":12,"column":79}},"1":{"start":{"line":15,"column":40},"end":{"line":15,"column":70}},"2":{"start":{"line":16,"column":46},"end":{"line":16,"column":57}},"3":{"start":{"line":18,"column":30},"end":{"line":21,"column":8}},"4":{"start":{"line":19,"column":18},"end":{"line":19,"column":46}},"5":{"start":{"line":20,"column":4},"end":{"line":20,"column":29}},"6":{"start":{"line":23,"column":2},"end":{"line":51,"column":28}},"7":{"start":{"line":25,"column":4},"end":{"line":27,"column":7}},"8":{"start":{"line":26,"column":6},"end":{"line":26,"column":28}},"9":{"start":{"line":30,"column":24},"end":{"line":41,"column":6}},"10":{"start":{"line":31,"column":21},"end":{"line":31,"column":47}},"11":{"start":{"line":32,"column":6},"end":{"line":32,"column":29}},"12":{"start":{"line":35,"column":6},"end":{"line":40,"column":7}},"13":{"start":{"line":36,"column":8},"end":{"line":39,"column":17}},"14":{"start":{"line":37,"column":10},"end":{"line":37,"column":41}},"15":{"start":{"line":38,"column":10},"end":{"line":38,"column":32}},"16":{"start":{"line":44,"column":4},"end":{"line":46,"column":7}},"17":{"start":{"line":45,"column":6},"end":{"line":45,"column":49}},"18":{"start":{"line":48,"column":4},"end":{"line":50,"column":6}},"19":{"start":{"line":49,"column":6},"end":{"line":49,"column":20}},"20":{"start":{"line":53,"column":19},"end":{"line":53,"column":39}},"21":{"start":{"line":55,"column":2},"end":{"line":66,"column":4}},"22":{"start":{"line":70,"column":18},"end":{"line":70,"column":44}},"23":{"start":{"line":71,"column":2},"end":{"line":73,"column":3}},"24":{"start":{"line":72,"column":4},"end":{"line":72,"column":72}},"25":{"start":{"line":74,"column":2},"end":{"line":74,"column":17}}},"fnMap":{"0":{"name":"NetworkProvider","decl":{"start":{"line":14,"column":16},"end":{"line":14,"column":31}},"loc":{"start":{"line":14,"column":77},"end":{"line":67,"column":1}},"line":14},"1":{"name":"(anonymous_1)","decl":{"start":{"line":18,"column":42},"end":{"line":18,"column":43}},"loc":{"start":{"line":18,"column":54},"end":{"line":21,"column":3}},"line":18},"2":{"name":"(anonymous_2)","decl":{"start":{"line":23,"column":12},"end":{"line":23,"column":13}},"loc":{"start":{"line":23,"column":18},"end":{"line":51,"column":3}},"line":23},"3":{"name":"(anonymous_3)","decl":{"start":{"line":25,"column":34},"end":{"line":25,"column":35}},"loc":{"start":{"line":25,"column":40},"end":{"line":27,"column":5}},"line":25},"4":{"name":"(anonymous_4)","decl":{"start":{"line":30,"column":49},"end":{"line":30,"column":50}},"loc":{"start":{"line":30,"column":60},"end":{"line":41,"column":5}},"line":30},"5":{"name":"(anonymous_5)","decl":{"start":{"line":36,"column":19},"end":{"line":36,"column":20}},"loc":{"start":{"line":36,"column":31},"end":{"line":39,"column":9}},"line":36},"6":{"name":"(anonymous_6)","decl":{"start":{"line":44,"column":25},"end":{"line":44,"column":26}},"loc":{"start":{"line":44,"column":36},"end":{"line":46,"column":5}},"line":44},"7":{"name":"(anonymous_7)","decl":{"start":{"line":48,"column":11},"end":{"line":48,"column":12}},"loc":{"start":{"line":48,"column":17},"end":{"line":50,"column":5}},"line":48},"8":{"name":"useNetwork","decl":{"start":{"line":69,"column":16},"end":{"line":69,"column":26}},"loc":{"start":{"line":69,"column":29},"end":{"line":75,"column":1}},"line":69}},"branchMap":{"0":{"loc":{"start":{"line":31,"column":21},"end":{"line":31,"column":47}},"type":"binary-expr","locations":[{"start":{"line":31,"column":21},"end":{"line":31,"column":38}},{"start":{"line":31,"column":42},"end":{"line":31,"column":47}}],"line":31},"1":{"loc":{"start":{"line":35,"column":6},"end":{"line":40,"column":7}},"type":"if","locations":[{"start":{"line":35,"column":6},"end":{"line":40,"column":7}},{"start":{},"end":{}}],"line":35},"2":{"loc":{"start":{"line":45,"column":21},"end":{"line":45,"column":47}},"type":"binary-expr","locations":[{"start":{"line":45,"column":21},"end":{"line":45,"column":38}},{"start":{"line":45,"column":42},"end":{"line":45,"column":47}}],"line":45},"3":{"loc":{"start":{"line":71,"column":2},"end":{"line":73,"column":3}},"type":"if","locations":[{"start":{"line":71,"column":2},"end":{"line":73,"column":3}},{"start":{},"end":{}}],"line":71}},"s":{"0":0,"1":0,"2":0,"3":0,"4":0,"5":0,"6":0,"7":0,"8":0,"9":0,"10":0,"11":0,"12":0,"13":0,"14":0,"15":0,"16":0,"17":0,"18":0,"19":0,"20":0,"21":0,"22":0,"23":0,"24":0,"25":0},"f":{"0":0,"1":0,"2":0,"3":0,"4":0,"5":0,"6":0,"7":0,"8":0},"b":{"0":[0,0],"1":[0,0],"2":[0,0],"3":[0,0]}}
,"/home/julien/Desktop/Free-Wiggum-opencode/projects/pictureshare/src/contexts/PhotoContext.tsx": {"path":"/home/julien/Desktop/Free-Wiggum-opencode/projects/pictureshare/src/contexts/PhotoContext.tsx","statementMap":{"0":{"start":{"line":38,"column":21},"end":{"line":38,"column":75}},"1":{"start":{"line":45,"column":27},"end":{"line":45,"column":37}},"2":{"start":{"line":46,"column":18},"end":{"line":46,"column":34}},"3":{"start":{"line":47,"column":30},"end":{"line":47,"column":51}},"4":{"start":{"line":48,"column":44},"end":{"line":48,"column":83}},"5":{"start":{"line":49,"column":32},"end":{"line":49,"column":46}},"6":{"start":{"line":50,"column":40},"end":{"line":50,"column":55}},"7":{"start":{"line":51,"column":32},"end":{"line":51,"column":90}},"8":{"start":{"line":52,"column":28},"end":{"line":52,"column":57}},"9":{"start":{"line":53,"column":46},"end":{"line":53,"column":60}},"10":{"start":{"line":56,"column":2},"end":{"line":96,"column":16}},"11":{"start":{"line":57,"column":4},"end":{"line":64,"column":5}},"12":{"start":{"line":58,"column":6},"end":{"line":58,"column":20}},"13":{"start":{"line":59,"column":6},"end":{"line":59,"column":23}},"14":{"start":{"line":60,"column":6},"end":{"line":60,"column":23}},"15":{"start":{"line":61,"column":6},"end":{"line":61,"column":21}},"16":{"start":{"line":62,"column":6},"end":{"line":62,"column":31}},"17":{"start":{"line":63,"column":6},"end":{"line":63,"column":13}},"18":{"start":{"line":66,"column":18},"end":{"line":66,"column":22}},"19":{"start":{"line":68,"column":24},"end":{"line":89,"column":5}},"20":{"start":{"line":69,"column":6},"end":{"line":88,"column":7}},"21":{"start":{"line":70,"column":8},"end":{"line":70,"column":32}},"22":{"start":{"line":71,"column":8},"end":{"line":71,"column":23}},"23":{"start":{"line":72,"column":63},"end":{"line":72,"column":99}},"24":{"start":{"line":74,"column":8},"end":{"line":79,"column":9}},"25":{"start":{"line":75,"column":10},"end":{"line":75,"column":35}},"26":{"start":{"line":76,"column":10},"end":{"line":76,"column":33}},"27":{"start":{"line":77,"column":10},"end":{"line":77,"column":42}},"28":{"start":{"line":78,"column":10},"end":{"line":78,"column":35}},"29":{"start":{"line":81,"column":8},"end":{"line":81,"column":60}},"30":{"start":{"line":82,"column":8},"end":{"line":87,"column":9}},"31":{"start":{"line":83,"column":10},"end":{"line":83,"column":44}},"32":{"start":{"line":84,"column":10},"end":{"line":84,"column":24}},"33":{"start":{"line":85,"column":10},"end":{"line":85,"column":28}},"34":{"start":{"line":86,"column":10},"end":{"line":86,"column":35}},"35":{"start":{"line":91,"column":4},"end":{"line":91,"column":18}},"36":{"start":{"line":93,"column":4},"end":{"line":95,"column":6}},"37":{"start":{"line":94,"column":6},"end":{"line":94,"column":22}},"38":{"start":{"line":99,"column":25},"end":{"line":123,"column":46}},"39":{"start":{"line":100,"column":4},"end":{"line":102,"column":5}},"40":{"start":{"line":101,"column":6},"end":{"line":101,"column":13}},"41":{"start":{"line":104,"column":4},"end":{"line":122,"column":5}},"42":{"start":{"line":105,"column":6},"end":{"line":105,"column":27}},"43":{"start":{"line":106,"column":6},"end":{"line":106,"column":21}},"44":{"start":{"line":108,"column":57},"end":{"line":112,"column":7}},"45":{"start":{"line":114,"column":6},"end":{"line":114,"column":51}},"46":{"start":{"line":114,"column":26},"end":{"line":114,"column":49}},"47":{"start":{"line":115,"column":6},"end":{"line":115,"column":29}},"48":{"start":{"line":116,"column":6},"end":{"line":116,"column":38}},"49":{"start":{"line":118,"column":6},"end":{"line":118,"column":55}},"50":{"start":{"line":119,"column":6},"end":{"line":119,"column":45}},"51":{"start":{"line":121,"column":6},"end":{"line":121,"column":28}},"52":{"start":{"line":125,"column":26},"end":{"line":131,"column":8}},"53":{"start":{"line":126,"column":4},"end":{"line":130,"column":7}},"54":{"start":{"line":127,"column":19},"end":{"line":127,"column":32}},"55":{"start":{"line":128,"column":6},"end":{"line":128,"column":32}},"56":{"start":{"line":129,"column":6},"end":{"line":129,"column":18}},"57":{"start":{"line":133,"column":29},"end":{"line":139,"column":8}},"58":{"start":{"line":134,"column":4},"end":{"line":138,"column":7}},"59":{"start":{"line":135,"column":19},"end":{"line":135,"column":32}},"60":{"start":{"line":136,"column":6},"end":{"line":136,"column":27}},"61":{"start":{"line":137,"column":6},"end":{"line":137,"column":18}},"62":{"start":{"line":142,"column":28},"end":{"line":154,"column":29}},"63":{"start":{"line":143,"column":25},"end":{"line":143,"column":59}},"64":{"start":{"line":145,"column":21},"end":{"line":145,"column":49}},"65":{"start":{"line":146,"column":4},"end":{"line":152,"column":7}},"66":{"start":{"line":148,"column":8},"end":{"line":148,"column":93}},"67":{"start":{"line":150,"column":8},"end":{"line":150,"column":93}},"68":{"start":{"line":151,"column":6},"end":{"line":151,"column":27}},"69":{"start":{"line":153,"column":4},"end":{"line":153,"column":20}},"70":{"start":{"line":157,"column":2},"end":{"line":171,"column":15}},"71":{"start":{"line":158,"column":4},"end":{"line":158,"column":36}},"72":{"start":{"line":158,"column":29},"end":{"line":158,"column":36}},"73":{"start":{"line":159,"column":25},"end":{"line":159,"column":57}},"74":{"start":{"line":159,"column":51},"end":{"line":159,"column":55}},"75":{"start":{"line":160,"column":4},"end":{"line":170,"column":7}},"76":{"start":{"line":161,"column":19},"end":{"line":161,"column":32}},"77":{"start":{"line":162,"column":20},"end":{"line":162,"column":25}},"78":{"start":{"line":163,"column":6},"end":{"line":168,"column":7}},"79":{"start":{"line":164,"column":8},"end":{"line":167,"column":9}},"80":{"start":{"line":165,"column":10},"end":{"line":165,"column":26}},"81":{"start":{"line":166,"column":10},"end":{"line":166,"column":25}},"82":{"start":{"line":169,"column":6},"end":{"line":169,"column":35}},"83":{"start":{"line":173,"column":2},"end":{"line":190,"column":4}},"84":{"start":{"line":194,"column":18},"end":{"line":194,"column":42}},"85":{"start":{"line":195,"column":2},"end":{"line":197,"column":3}},"86":{"start":{"line":196,"column":4},"end":{"line":196,"column":69}},"87":{"start":{"line":198,"column":2},"end":{"line":198,"column":17}}},"fnMap":{"0":{"name":"PhotoProvider","decl":{"start":{"line":44,"column":16},"end":{"line":44,"column":29}},"loc":{"start":{"line":44,"column":64},"end":{"line":191,"column":1}},"line":44},"1":{"name":"(anonymous_1)","decl":{"start":{"line":56,"column":12},"end":{"line":56,"column":13}},"loc":{"start":{"line":56,"column":18},"end":{"line":96,"column":3}},"line":56},"2":{"name":"(anonymous_2)","decl":{"start":{"line":68,"column":24},"end":{"line":68,"column":25}},"loc":{"start":{"line":68,"column":36},"end":{"line":89,"column":5}},"line":68},"3":{"name":"(anonymous_3)","decl":{"start":{"line":93,"column":11},"end":{"line":93,"column":12}},"loc":{"start":{"line":93,"column":17},"end":{"line":95,"column":5}},"line":93},"4":{"name":"(anonymous_4)","decl":{"start":{"line":99,"column":37},"end":{"line":99,"column":38}},"loc":{"start":{"line":99,"column":49},"end":{"line":123,"column":3}},"line":99},"5":{"name":"(anonymous_5)","decl":{"start":{"line":114,"column":16},"end":{"line":114,"column":17}},"loc":{"start":{"line":114,"column":26},"end":{"line":114,"column":49}},"line":114},"6":{"name":"(anonymous_6)","decl":{"start":{"line":125,"column":38},"end":{"line":125,"column":39}},"loc":{"start":{"line":125,"column":56},"end":{"line":131,"column":3}},"line":125},"7":{"name":"(anonymous_7)","decl":{"start":{"line":126,"column":21},"end":{"line":126,"column":22}},"loc":{"start":{"line":126,"column":31},"end":{"line":130,"column":5}},"line":126},"8":{"name":"(anonymous_8)","decl":{"start":{"line":133,"column":41},"end":{"line":133,"column":42}},"loc":{"start":{"line":133,"column":62},"end":{"line":139,"column":3}},"line":133},"9":{"name":"(anonymous_9)","decl":{"start":{"line":134,"column":21},"end":{"line":134,"column":22}},"loc":{"start":{"line":134,"column":31},"end":{"line":138,"column":5}},"line":134},"10":{"name":"(anonymous_10)","decl":{"start":{"line":142,"column":40},"end":{"line":142,"column":41}},"loc":{"start":{"line":142,"column":46},"end":{"line":154,"column":3}},"line":142},"11":{"name":"(anonymous_11)","decl":{"start":{"line":146,"column":18},"end":{"line":146,"column":19}},"loc":{"start":{"line":146,"column":28},"end":{"line":152,"column":5}},"line":146},"12":{"name":"(anonymous_12)","decl":{"start":{"line":157,"column":12},"end":{"line":157,"column":13}},"loc":{"start":{"line":157,"column":18},"end":{"line":171,"column":3}},"line":157},"13":{"name":"(anonymous_13)","decl":{"start":{"line":159,"column":44},"end":{"line":159,"column":45}},"loc":{"start":{"line":159,"column":51},"end":{"line":159,"column":55}},"line":159},"14":{"name":"(anonymous_14)","decl":{"start":{"line":160,"column":21},"end":{"line":160,"column":22}},"loc":{"start":{"line":160,"column":31},"end":{"line":170,"column":5}},"line":160},"15":{"name":"usePhotos","decl":{"start":{"line":193,"column":16},"end":{"line":193,"column":25}},"loc":{"start":{"line":193,"column":28},"end":{"line":199,"column":1}},"line":193}},"branchMap":{"0":{"loc":{"start":{"line":57,"column":4},"end":{"line":64,"column":5}},"type":"if","locations":[{"start":{"line":57,"column":4},"end":{"line":64,"column":5}},{"start":{},"end":{}}],"line":57},"1":{"loc":{"start":{"line":74,"column":8},"end":{"line":79,"column":9}},"type":"if","locations":[{"start":{"line":74,"column":8},"end":{"line":79,"column":9}},{"start":{},"end":{}}],"line":74},"2":{"loc":{"start":{"line":82,"column":8},"end":{"line":87,"column":9}},"type":"if","locations":[{"start":{"line":82,"column":8},"end":{"line":87,"column":9}},{"start":{},"end":{}}],"line":82},"3":{"loc":{"start":{"line":100,"column":4},"end":{"line":102,"column":5}},"type":"if","locations":[{"start":{"line":100,"column":4},"end":{"line":102,"column":5}},{"start":{},"end":{}}],"line":100},"4":{"loc":{"start":{"line":100,"column":8},"end":{"line":100,"column":55}},"type":"binary-expr","locations":[{"start":{"line":100,"column":8},"end":{"line":100,"column":16}},{"start":{"line":100,"column":20},"end":{"line":100,"column":31}},{"start":{"line":100,"column":35},"end":{"line":100,"column":43}},{"start":{"line":100,"column":47},"end":{"line":100,"column":55}}],"line":100},"5":{"loc":{"start":{"line":148,"column":8},"end":{"line":148,"column":93}},"type":"cond-expr","locations":[{"start":{"line":148,"column":38},"end":{"line":148,"column":59}},{"start":{"line":148,"column":62},"end":{"line":148,"column":93}}],"line":148},"6":{"loc":{"start":{"line":150,"column":8},"end":{"line":150,"column":93}},"type":"cond-expr","locations":[{"start":{"line":150,"column":38},"end":{"line":150,"column":59}},{"start":{"line":150,"column":62},"end":{"line":150,"column":93}}],"line":150},"7":{"loc":{"start":{"line":158,"column":4},"end":{"line":158,"column":36}},"type":"if","locations":[{"start":{"line":158,"column":4},"end":{"line":158,"column":36}},{"start":{},"end":{}}],"line":158},"8":{"loc":{"start":{"line":164,"column":8},"end":{"line":167,"column":9}},"type":"if","locations":[{"start":{"line":164,"column":8},"end":{"line":167,"column":9}},{"start":{},"end":{}}],"line":164},"9":{"loc":{"start":{"line":169,"column":13},"end":{"line":169,"column":34}},"type":"cond-expr","locations":[{"start":{"line":169,"column":23},"end":{"line":169,"column":27}},{"start":{"line":169,"column":30},"end":{"line":169,"column":34}}],"line":169},"10":{"loc":{"start":{"line":195,"column":2},"end":{"line":197,"column":3}},"type":"if","locations":[{"start":{"line":195,"column":2},"end":{"line":197,"column":3}},{"start":{},"end":{}}],"line":195}},"s":{"0":0,"1":0,"2":0,"3":0,"4":0,"5":0,"6":0,"7":0,"8":0,"9":0,"10":0,"11":0,"12":0,"13":0,"14":0,"15":0,"16":0,"17":0,"18":0,"19":0,"20":0,"21":0,"22":0,"23":0,"24":0,"25":0,"26":0,"27":0,"28":0,"29":0,"30":0,"31":0,"32":0,"33":0,"34":0,"35":0,"36":0,"37":0,"38":0,"39":0,"40":0,"41":0,"42":0,"43":0,"44":0,"45":0,"46":0,"47":0,"48":0,"49":0,"50":0,"51":0,"52":0,"53":0,"54":0,"55":0,"56":0,"57":0,"58":0,"59":0,"60":0,"61":0,"62":0,"63":0,"64":0,"65":0,"66":0,"67":0,"68":0,"69":0,"70":0,"71":0,"72":0,"73":0,"74":0,"75":0,"76":0,"77":0,"78":0,"79":0,"80":0,"81":0,"82":0,"83":0,"84":0,"85":0,"86":0,"87":0},"f":{"0":0,"1":0,"2":0,"3":0,"4":0,"5":0,"6":0,"7":0,"8":0,"9":0,"10":0,"11":0,"12":0,"13":0,"14":0,"15":0},"b":{"0":[0,0],"1":[0,0],"2":[0,0],"3":[0,0],"4":[0,0,0,0],"5":[0,0],"6":[0,0],"7":[0,0],"8":[0,0],"9":[0,0],"10":[0,0]}}
,"/home/julien/Desktop/Free-Wiggum-opencode/projects/pictureshare/src/screens/EventCreationScreen.tsx": {"path":"/home/julien/Desktop/Free-Wiggum-opencode/projects/pictureshare/src/screens/EventCreationScreen.tsx","statementMap":{"0":{"start":{"line":22,"column":45},"end":{"line":212,"column":1}},"1":{"start":{"line":23,"column":19},"end":{"line":23,"column":28}},"2":{"start":{"line":24,"column":28},"end":{"line":24,"column":40}},"3":{"start":{"line":25,"column":36},"end":{"line":25,"column":56}},"4":{"start":{"line":26,"column":50},"end":{"line":26,"column":70}},"5":{"start":{"line":27,"column":34},"end":{"line":27,"column":48}},"6":{"start":{"line":28,"column":32},"end":{"line":28,"column":47}},"7":{"start":{"line":29,"column":46},"end":{"line":29,"column":61}},"8":{"start":{"line":30,"column":42},"end":{"line":30,"column":70}},"9":{"start":{"line":31,"column":38},"end":{"line":31,"column":53}},"10":{"start":{"line":34,"column":2},"end":{"line":36,"column":9}},"11":{"start":{"line":35,"column":4},"end":{"line":35,"column":22}},"12":{"start":{"line":38,"column":26},"end":{"line":49,"column":8}},"13":{"start":{"line":39,"column":4},"end":{"line":39,"column":28}},"14":{"start":{"line":40,"column":4},"end":{"line":48,"column":5}},"15":{"start":{"line":41,"column":19},"end":{"line":41,"column":44}},"16":{"start":{"line":42,"column":6},"end":{"line":42,"column":25}},"17":{"start":{"line":44,"column":6},"end":{"line":44,"column":55}},"18":{"start":{"line":45,"column":6},"end":{"line":45,"column":60}},"19":{"start":{"line":47,"column":6},"end":{"line":47,"column":31}},"20":{"start":{"line":51,"column":28},"end":{"line":97,"column":3}},"21":{"start":{"line":52,"column":4},"end":{"line":55,"column":5}},"22":{"start":{"line":53,"column":6},"end":{"line":53,"column":71}},"23":{"start":{"line":54,"column":6},"end":{"line":54,"column":13}},"24":{"start":{"line":57,"column":4},"end":{"line":60,"column":5}},"25":{"start":{"line":58,"column":6},"end":{"line":58,"column":55}},"26":{"start":{"line":59,"column":6},"end":{"line":59,"column":13}},"27":{"start":{"line":62,"column":21},"end":{"line":62,"column":82}},"28":{"start":{"line":63,"column":4},"end":{"line":66,"column":5}},"29":{"start":{"line":64,"column":6},"end":{"line":64,"column":78}},"30":{"start":{"line":65,"column":6},"end":{"line":65,"column":13}},"31":{"start":{"line":68,"column":4},"end":{"line":68,"column":21}},"32":{"start":{"line":69,"column":4},"end":{"line":96,"column":5}},"33":{"start":{"line":70,"column":20},"end":{"line":75,"column":7}},"34":{"start":{"line":78,"column":6},"end":{"line":78,"column":29}},"35":{"start":{"line":79,"column":6},"end":{"line":79,"column":26}},"36":{"start":{"line":81,"column":6},"end":{"line":90,"column":9}},"37":{"start":{"line":85,"column":12},"end":{"line":87,"column":13}},"38":{"start":{"line":86,"column":14},"end":{"line":86,"column":36}},"39":{"start":{"line":92,"column":6},"end":{"line":92,"column":54}},"40":{"start":{"line":93,"column":6},"end":{"line":93,"column":72}},"41":{"start":{"line":95,"column":6},"end":{"line":95,"column":24}},"42":{"start":{"line":99,"column":2},"end":{"line":211,"column":4}},"43":{"start":{"line":153,"column":25},"end":{"line":153,"column":47}},"44":{"start":{"line":180,"column":16},"end":{"line":180,"column":37}},"45":{"start":{"line":181,"column":16},"end":{"line":181,"column":38}},"46":{"start":{"line":199,"column":14},"end":{"line":199,"column":35}},"47":{"start":{"line":200,"column":14},"end":{"line":200,"column":36}},"48":{"start":{"line":201,"column":14},"end":{"line":201,"column":27}},"49":{"start":{"line":202,"column":14},"end":{"line":202,"column":38}},"50":{"start":{"line":203,"column":14},"end":{"line":203,"column":32}},"51":{"start":{"line":214,"column":15},"end":{"line":377,"column":2}}},"fnMap":{"0":{"name":"(anonymous_0)","decl":{"start":{"line":22,"column":45},"end":{"line":22,"column":46}},"loc":{"start":{"line":22,"column":69},"end":{"line":212,"column":1}},"line":22},"1":{"name":"(anonymous_1)","decl":{"start":{"line":34,"column":12},"end":{"line":34,"column":13}},"loc":{"start":{"line":34,"column":18},"end":{"line":36,"column":3}},"line":34},"2":{"name":"(anonymous_2)","decl":{"start":{"line":38,"column":38},"end":{"line":38,"column":39}},"loc":{"start":{"line":38,"column":50},"end":{"line":49,"column":3}},"line":38},"3":{"name":"(anonymous_3)","decl":{"start":{"line":51,"column":28},"end":{"line":51,"column":29}},"loc":{"start":{"line":51,"column":40},"end":{"line":97,"column":3}},"line":51},"4":{"name":"(anonymous_4)","decl":{"start":{"line":84,"column":19},"end":{"line":84,"column":20}},"loc":{"start":{"line":84,"column":25},"end":{"line":88,"column":11}},"line":84},"5":{"name":"(anonymous_5)","decl":{"start":{"line":153,"column":19},"end":{"line":153,"column":20}},"loc":{"start":{"line":153,"column":25},"end":{"line":153,"column":47}},"line":153},"6":{"name":"(anonymous_6)","decl":{"start":{"line":179,"column":23},"end":{"line":179,"column":24}},"loc":{"start":{"line":179,"column":29},"end":{"line":182,"column":15}},"line":179},"7":{"name":"(anonymous_7)","decl":{"start":{"line":198,"column":21},"end":{"line":198,"column":22}},"loc":{"start":{"line":198,"column":27},"end":{"line":204,"column":13}},"line":198}},"branchMap":{"0":{"loc":{"start":{"line":52,"column":4},"end":{"line":55,"column":5}},"type":"if","locations":[{"start":{"line":52,"column":4},"end":{"line":55,"column":5}},{"start":{},"end":{}}],"line":52},"1":{"loc":{"start":{"line":57,"column":4},"end":{"line":60,"column":5}},"type":"if","locations":[{"start":{"line":57,"column":4},"end":{"line":60,"column":5}},{"start":{},"end":{}}],"line":57},"2":{"loc":{"start":{"line":62,"column":21},"end":{"line":62,"column":82}},"type":"cond-expr","locations":[{"start":{"line":62,"column":40},"end":{"line":62,"column":70}},{"start":{"line":62,"column":73},"end":{"line":62,"column":82}}],"line":62},"3":{"loc":{"start":{"line":63,"column":4},"end":{"line":66,"column":5}},"type":"if","locations":[{"start":{"line":63,"column":4},"end":{"line":66,"column":5}},{"start":{},"end":{}}],"line":63},"4":{"loc":{"start":{"line":63,"column":8},"end":{"line":63,"column":64}},"type":"binary-expr","locations":[{"start":{"line":63,"column":8},"end":{"line":63,"column":24}},{"start":{"line":63,"column":29},"end":{"line":63,"column":45}},{"start":{"line":63,"column":49},"end":{"line":63,"column":63}}],"line":63},"5":{"loc":{"start":{"line":71,"column":8},"end":{"line":71,"column":40}},"type":"binary-expr","locations":[{"start":{"line":71,"column":8},"end":{"line":71,"column":20}},{"start":{"line":71,"column":24},"end":{"line":71,"column":40}}],"line":71},"6":{"loc":{"start":{"line":85,"column":12},"end":{"line":87,"column":13}},"type":"if","locations":[{"start":{"line":85,"column":12},"end":{"line":87,"column":13}},{"start":{},"end":{}}],"line":85},"7":{"loc":{"start":{"line":119,"column":41},"end":{"line":119,"column":75}},"type":"cond-expr","locations":[{"start":{"line":119,"column":58},"end":{"line":119,"column":63}},{"start":{"line":119,"column":66},"end":{"line":119,"column":75}}],"line":119},"8":{"loc":{"start":{"line":125,"column":13},"end":{"line":129,"column":13}},"type":"cond-expr","locations":[{"start":{"line":126,"column":14},"end":{"line":126,"column":61}},{"start":{"line":128,"column":14},"end":{"line":128,"column":63}}],"line":125},"9":{"loc":{"start":{"line":150,"column":48},"end":{"line":150,"column":79}},"type":"cond-expr","locations":[{"start":{"line":150,"column":59},"end":{"line":150,"column":67}},{"start":{"line":150,"column":70},"end":{"line":150,"column":79}}],"line":150},"10":{"loc":{"start":{"line":152,"column":33},"end":{"line":152,"column":78}},"type":"cond-expr","locations":[{"start":{"line":152,"column":44},"end":{"line":152,"column":59}},{"start":{"line":152,"column":62},"end":{"line":152,"column":78}}],"line":152},"11":{"loc":{"start":{"line":155,"column":43},"end":{"line":155,"column":74}},"type":"binary-expr","locations":[{"start":{"line":155,"column":43},"end":{"line":155,"column":51}},{"start":{"line":155,"column":55},"end":{"line":155,"column":74}}],"line":155},"12":{"loc":{"start":{"line":161,"column":52},"end":{"line":161,"column":84}},"type":"binary-expr","locations":[{"start":{"line":161,"column":52},"end":{"line":161,"column":59}},{"start":{"line":161,"column":63},"end":{"line":161,"column":84}}],"line":161},"13":{"loc":{"start":{"line":163,"column":18},"end":{"line":163,"column":39}},"type":"binary-expr","locations":[{"start":{"line":163,"column":18},"end":{"line":163,"column":25}},{"start":{"line":163,"column":29},"end":{"line":163,"column":39}}],"line":163},"14":{"loc":{"start":{"line":165,"column":9},"end":{"line":169,"column":9}},"type":"cond-expr","locations":[{"start":{"line":166,"column":10},"end":{"line":166,"column":57}},{"start":{"line":168,"column":10},"end":{"line":168,"column":61}}],"line":165},"15":{"loc":{"start":{"line":173,"column":7},"end":{"line":209,"column":7}},"type":"binary-expr","locations":[{"start":{"line":173,"column":7},"end":{"line":173,"column":17}},{"start":{"line":173,"column":21},"end":{"line":173,"column":33}},{"start":{"line":174,"column":8},"end":{"line":208,"column":15}}],"line":173},"16":{"loc":{"start":{"line":190,"column":11},"end":{"line":190,"column":92}},"type":"binary-expr","locations":[{"start":{"line":190,"column":11},"end":{"line":190,"column":29}},{"start":{"line":190,"column":33},"end":{"line":190,"column":92}}],"line":190}},"s":{"0":0,"1":0,"2":0,"3":0,"4":0,"5":0,"6":0,"7":0,"8":0,"9":0,"10":0,"11":0,"12":0,"13":0,"14":0,"15":0,"16":0,"17":0,"18":0,"19":0,"20":0,"21":0,"22":0,"23":0,"24":0,"25":0,"26":0,"27":0,"28":0,"29":0,"30":0,"31":0,"32":0,"33":0,"34":0,"35":0,"36":0,"37":0,"38":0,"39":0,"40":0,"41":0,"42":0,"43":0,"44":0,"45":0,"46":0,"47":0,"48":0,"49":0,"50":0,"51":0},"f":{"0":0,"1":0,"2":0,"3":0,"4":0,"5":0,"6":0,"7":0},"b":{"0":[0,0],"1":[0,0],"2":[0,0],"3":[0,0],"4":[0,0,0],"5":[0,0],"6":[0,0],"7":[0,0],"8":[0,0],"9":[0,0],"10":[0,0],"11":[0,0],"12":[0,0],"13":[0,0],"14":[0,0],"15":[0,0,0],"16":[0,0]}}
,"/home/julien/Desktop/Free-Wiggum-opencode/projects/pictureshare/src/screens/EventJoinScreen.tsx": {"path":"/home/julien/Desktop/Free-Wiggum-opencode/projects/pictureshare/src/screens/EventJoinScreen.tsx","statementMap":{"0":{"start":{"line":19,"column":34},"end":{"line":242,"column":1}},"1":{"start":{"line":20,"column":19},"end":{"line":20,"column":28}},"2":{"start":{"line":21,"column":30},"end":{"line":21,"column":40}},"3":{"start":{"line":22,"column":38},"end":{"line":22,"column":50}},"4":{"start":{"line":23,"column":38},"end":{"line":23,"column":66}},"5":{"start":{"line":24,"column":42},"end":{"line":24,"column":71}},"6":{"start":{"line":25,"column":40},"end":{"line":25,"column":95}},"7":{"start":{"line":26,"column":42},"end":{"line":26,"column":71}},"8":{"start":{"line":28,"column":2},"end":{"line":32,"column":38}},"9":{"start":{"line":29,"column":4},"end":{"line":31,"column":5}},"10":{"start":{"line":30,"column":6},"end":{"line":30,"column":26}},"11":{"start":{"line":34,"column":31},"end":{"line":47,"column":3}},"12":{"start":{"line":35,"column":4},"end":{"line":35,"column":41}},"13":{"start":{"line":35,"column":34},"end":{"line":35,"column":41}},"14":{"start":{"line":38,"column":22},"end":{"line":38,"column":44}},"15":{"start":{"line":40,"column":4},"end":{"line":44,"column":5}},"16":{"start":{"line":41,"column":6},"end":{"line":41,"column":48}},"17":{"start":{"line":42,"column":6},"end":{"line":42,"column":29}},"18":{"start":{"line":43,"column":6},"end":{"line":43,"column":13}},"19":{"start":{"line":46,"column":4},"end":{"line":46,"column":37}},"20":{"start":{"line":49,"column":27},"end":{"line":62,"column":3}},"21":{"start":{"line":51,"column":4},"end":{"line":53,"column":5}},"22":{"start":{"line":52,"column":6},"end":{"line":52,"column":39}},"23":{"start":{"line":56,"column":18},"end":{"line":56,"column":58}},"24":{"start":{"line":57,"column":4},"end":{"line":59,"column":5}},"25":{"start":{"line":58,"column":6},"end":{"line":58,"column":36}},"26":{"start":{"line":61,"column":4},"end":{"line":61,"column":16}},"27":{"start":{"line":64,"column":26},"end":{"line":102,"column":3}},"28":{"start":{"line":65,"column":4},"end":{"line":68,"column":5}},"29":{"start":{"line":66,"column":6},"end":{"line":66,"column":69}},"30":{"start":{"line":67,"column":6},"end":{"line":67,"column":13}},"31":{"start":{"line":70,"column":4},"end":{"line":70,"column":29}},"32":{"start":{"line":71,"column":4},"end":{"line":71,"column":26}},"33":{"start":{"line":73,"column":4},"end":{"line":101,"column":5}},"34":{"start":{"line":75,"column":20},"end":{"line":75,"column":46}},"35":{"start":{"line":77,"column":6},"end":{"line":81,"column":7}},"36":{"start":{"line":78,"column":8},"end":{"line":78,"column":81}},"37":{"start":{"line":79,"column":8},"end":{"line":79,"column":31}},"38":{"start":{"line":80,"column":8},"end":{"line":80,"column":15}},"39":{"start":{"line":84,"column":6},"end":{"line":89,"column":7}},"40":{"start":{"line":85,"column":8},"end":{"line":85,"column":65}},"41":{"start":{"line":86,"column":8},"end":{"line":86,"column":31}},"42":{"start":{"line":87,"column":8},"end":{"line":87,"column":33}},"43":{"start":{"line":88,"column":8},"end":{"line":88,"column":15}},"44":{"start":{"line":92,"column":6},"end":{"line":92,"column":41}},"45":{"start":{"line":94,"column":6},"end":{"line":94,"column":63}},"46":{"start":{"line":95,"column":6},"end":{"line":95,"column":29}},"47":{"start":{"line":96,"column":6},"end":{"line":96,"column":31}},"48":{"start":{"line":98,"column":6},"end":{"line":98,"column":51}},"49":{"start":{"line":99,"column":6},"end":{"line":99,"column":65}},"50":{"start":{"line":100,"column":6},"end":{"line":100,"column":29}},"51":{"start":{"line":104,"column":27},"end":{"line":111,"column":3}},"52":{"start":{"line":105,"column":17},"end":{"line":105,"column":48}},"53":{"start":{"line":106,"column":4},"end":{"line":109,"column":5}},"54":{"start":{"line":107,"column":6},"end":{"line":107,"column":45}},"55":{"start":{"line":108,"column":6},"end":{"line":108,"column":13}},"56":{"start":{"line":110,"column":4},"end":{"line":110,"column":32}},"57":{"start":{"line":113,"column":22},"end":{"line":118,"column":3}},"58":{"start":{"line":114,"column":4},"end":{"line":114,"column":26}},"59":{"start":{"line":115,"column":4},"end":{"line":115,"column":26}},"60":{"start":{"line":116,"column":4},"end":{"line":116,"column":25}},"61":{"start":{"line":117,"column":4},"end":{"line":117,"column":22}},"62":{"start":{"line":120,"column":24},"end":{"line":230,"column":3}},"63":{"start":{"line":121,"column":4},"end":{"line":134,"column":5}},"64":{"start":{"line":122,"column":6},"end":{"line":133,"column":8}},"65":{"start":{"line":136,"column":4},"end":{"line":147,"column":5}},"66":{"start":{"line":137,"column":6},"end":{"line":146,"column":8}},"67":{"start":{"line":149,"column":4},"end":{"line":156,"column":5}},"68":{"start":{"line":150,"column":6},"end":{"line":155,"column":8}},"69":{"start":{"line":158,"column":4},"end":{"line":229,"column":6}},"70":{"start":{"line":232,"column":2},"end":{"line":241,"column":4}},"71":{"start":{"line":244,"column":15},"end":{"line":477,"column":2}}},"fnMap":{"0":{"name":"(anonymous_0)","decl":{"start":{"line":19,"column":34},"end":{"line":19,"column":35}},"loc":{"start":{"line":19,"column":40},"end":{"line":242,"column":1}},"line":19},"1":{"name":"(anonymous_1)","decl":{"start":{"line":28,"column":12},"end":{"line":28,"column":13}},"loc":{"start":{"line":28,"column":18},"end":{"line":32,"column":3}},"line":28},"2":{"name":"(anonymous_2)","decl":{"start":{"line":34,"column":31},"end":{"line":34,"column":32}},"loc":{"start":{"line":34,"column":69},"end":{"line":47,"column":3}},"line":34},"3":{"name":"(anonymous_3)","decl":{"start":{"line":49,"column":27},"end":{"line":49,"column":28}},"loc":{"start":{"line":49,"column":60},"end":{"line":62,"column":3}},"line":49},"4":{"name":"(anonymous_4)","decl":{"start":{"line":64,"column":26},"end":{"line":64,"column":27}},"loc":{"start":{"line":64,"column":50},"end":{"line":102,"column":3}},"line":64},"5":{"name":"(anonymous_5)","decl":{"start":{"line":104,"column":27},"end":{"line":104,"column":28}},"loc":{"start":{"line":104,"column":39},"end":{"line":111,"column":3}},"line":104},"6":{"name":"(anonymous_6)","decl":{"start":{"line":113,"column":22},"end":{"line":113,"column":23}},"loc":{"start":{"line":113,"column":28},"end":{"line":118,"column":3}},"line":113},"7":{"name":"(anonymous_7)","decl":{"start":{"line":120,"column":24},"end":{"line":120,"column":25}},"loc":{"start":{"line":120,"column":30},"end":{"line":230,"column":3}},"line":120}},"branchMap":{"0":{"loc":{"start":{"line":29,"column":4},"end":{"line":31,"column":5}},"type":"if","locations":[{"start":{"line":29,"column":4},"end":{"line":31,"column":5}},{"start":{},"end":{}}],"line":29},"1":{"loc":{"start":{"line":35,"column":4},"end":{"line":35,"column":41}},"type":"if","locations":[{"start":{"line":35,"column":4},"end":{"line":35,"column":41}},{"start":{},"end":{}}],"line":35},"2":{"loc":{"start":{"line":40,"column":4},"end":{"line":44,"column":5}},"type":"if","locations":[{"start":{"line":40,"column":4},"end":{"line":44,"column":5}},{"start":{},"end":{}}],"line":40},"3":{"loc":{"start":{"line":51,"column":4},"end":{"line":53,"column":5}},"type":"if","locations":[{"start":{"line":51,"column":4},"end":{"line":53,"column":5}},{"start":{},"end":{}}],"line":51},"4":{"loc":{"start":{"line":57,"column":4},"end":{"line":59,"column":5}},"type":"if","locations":[{"start":{"line":57,"column":4},"end":{"line":59,"column":5}},{"start":{},"end":{}}],"line":57},"5":{"loc":{"start":{"line":65,"column":4},"end":{"line":68,"column":5}},"type":"if","locations":[{"start":{"line":65,"column":4},"end":{"line":68,"column":5}},{"start":{},"end":{}}],"line":65},"6":{"loc":{"start":{"line":77,"column":6},"end":{"line":81,"column":7}},"type":"if","locations":[{"start":{"line":77,"column":6},"end":{"line":81,"column":7}},{"start":{},"end":{}}],"line":77},"7":{"loc":{"start":{"line":84,"column":6},"end":{"line":89,"column":7}},"type":"if","locations":[{"start":{"line":84,"column":6},"end":{"line":89,"column":7}},{"start":{},"end":{}}],"line":84},"8":{"loc":{"start":{"line":106,"column":4},"end":{"line":109,"column":5}},"type":"if","locations":[{"start":{"line":106,"column":4},"end":{"line":109,"column":5}},{"start":{},"end":{}}],"line":106},"9":{"loc":{"start":{"line":121,"column":4},"end":{"line":134,"column":5}},"type":"if","locations":[{"start":{"line":121,"column":4},"end":{"line":134,"column":5}},{"start":{},"end":{}}],"line":121},"10":{"loc":{"start":{"line":121,"column":8},"end":{"line":121,"column":47}},"type":"binary-expr","locations":[{"start":{"line":121,"column":8},"end":{"line":121,"column":32}},{"start":{"line":121,"column":36},"end":{"line":121,"column":47}}],"line":121},"11":{"loc":{"start":{"line":127,"column":28},"end":{"line":127,"column":56}},"type":"binary-expr","locations":[{"start":{"line":127,"column":28},"end":{"line":127,"column":45}},{"start":{"line":127,"column":49},"end":{"line":127,"column":56}}],"line":127},"12":{"loc":{"start":{"line":136,"column":4},"end":{"line":147,"column":5}},"type":"if","locations":[{"start":{"line":136,"column":4},"end":{"line":147,"column":5}},{"start":{},"end":{}}],"line":136},"13":{"loc":{"start":{"line":149,"column":4},"end":{"line":156,"column":5}},"type":"if","locations":[{"start":{"line":149,"column":4},"end":{"line":156,"column":5}},{"start":{},"end":{}}],"line":149},"14":{"loc":{"start":{"line":163,"column":11},"end":{"line":186,"column":11}},"type":"cond-expr","locations":[{"start":{"line":164,"column":12},"end":{"line":178,"column":19}},{"start":{"line":180,"column":12},"end":{"line":185,"column":19}}],"line":163},"15":{"loc":{"start":{"line":168,"column":34},"end":{"line":168,"column":90}},"type":"cond-expr","locations":[{"start":{"line":168,"column":58},"end":{"line":168,"column":78}},{"start":{"line":168,"column":81},"end":{"line":168,"column":90}}],"line":168},"16":{"loc":{"start":{"line":208,"column":39},"end":{"line":208,"column":91}},"type":"binary-expr","locations":[{"start":{"line":208,"column":39},"end":{"line":208,"column":62}},{"start":{"line":208,"column":66},"end":{"line":208,"column":91}}],"line":208},"17":{"loc":{"start":{"line":210,"column":22},"end":{"line":210,"column":70}},"type":"binary-expr","locations":[{"start":{"line":210,"column":22},"end":{"line":210,"column":45}},{"start":{"line":210,"column":49},"end":{"line":210,"column":70}}],"line":210}},"s":{"0":0,"1":0,"2":0,"3":0,"4":0,"5":0,"6":0,"7":0,"8":0,"9":0,"10":0,"11":0,"12":0,"13":0,"14":0,"15":0,"16":0,"17":0,"18":0,"19":0,"20":0,"21":0,"22":0,"23":0,"24":0,"25":0,"26":0,"27":0,"28":0,"29":0,"30":0,"31":0,"32":0,"33":0,"34":0,"35":0,"36":0,"37":0,"38":0,"39":0,"40":0,"41":0,"42":0,"43":0,"44":0,"45":0,"46":0,"47":0,"48":0,"49":0,"50":0,"51":0,"52":0,"53":0,"54":0,"55":0,"56":0,"57":0,"58":0,"59":0,"60":0,"61":0,"62":0,"63":0,"64":0,"65":0,"66":0,"67":0,"68":0,"69":0,"70":0,"71":0},"f":{"0":0,"1":0,"2":0,"3":0,"4":0,"5":0,"6":0,"7":0},"b":{"0":[0,0],"1":[0,0],"2":[0,0],"3":[0,0],"4":[0,0],"5":[0,0],"6":[0,0],"7":[0,0],"8":[0,0],"9":[0,0],"10":[0,0],"11":[0,0],"12":[0,0],"13":[0,0],"14":[0,0],"15":[0,0],"16":[0,0],"17":[0,0]}}
,"/home/julien/Desktop/Free-Wiggum-opencode/projects/pictureshare/src/screens/LoginScreen.tsx": {"path":"/home/julien/Desktop/Free-Wiggum-opencode/projects/pictureshare/src/screens/LoginScreen.tsx","statementMap":{"0":{"start":{"line":6,"column":50},"end":{"line":6,"column":59}},"1":{"start":{"line":7,"column":32},"end":{"line":7,"column":53}},"2":{"start":{"line":9,"column":32},"end":{"line":19,"column":3}},"3":{"start":{"line":10,"column":4},"end":{"line":18,"column":5}},"4":{"start":{"line":11,"column":6},"end":{"line":11,"column":23}},"5":{"start":{"line":12,"column":6},"end":{"line":12,"column":32}},"6":{"start":{"line":14,"column":6},"end":{"line":14,"column":60}},"7":{"start":{"line":15,"column":6},"end":{"line":15,"column":27}},"8":{"start":{"line":17,"column":6},"end":{"line":17,"column":24}},"9":{"start":{"line":21,"column":29},"end":{"line":31,"column":3}},"10":{"start":{"line":22,"column":4},"end":{"line":30,"column":5}},"11":{"start":{"line":23,"column":6},"end":{"line":23,"column":23}},"12":{"start":{"line":24,"column":6},"end":{"line":24,"column":31}},"13":{"start":{"line":26,"column":6},"end":{"line":26,"column":60}},"14":{"start":{"line":27,"column":6},"end":{"line":27,"column":27}},"15":{"start":{"line":29,"column":6},"end":{"line":29,"column":24}},"16":{"start":{"line":33,"column":2},"end":{"line":68,"column":4}},"17":{"start":{"line":71,"column":15},"end":{"line":137,"column":2}}},"fnMap":{"0":{"name":"LoginScreen","decl":{"start":{"line":5,"column":24},"end":{"line":5,"column":35}},"loc":{"start":{"line":5,"column":38},"end":{"line":69,"column":1}},"line":5},"1":{"name":"(anonymous_1)","decl":{"start":{"line":9,"column":32},"end":{"line":9,"column":33}},"loc":{"start":{"line":9,"column":44},"end":{"line":19,"column":3}},"line":9},"2":{"name":"(anonymous_2)","decl":{"start":{"line":21,"column":29},"end":{"line":21,"column":30}},"loc":{"start":{"line":21,"column":41},"end":{"line":31,"column":3}},"line":21}},"branchMap":{"0":{"loc":{"start":{"line":43,"column":9},"end":{"line":47,"column":9}},"type":"cond-expr","locations":[{"start":{"line":44,"column":10},"end":{"line":44,"column":44}},{"start":{"line":46,"column":10},"end":{"line":46,"column":66}}],"line":43}},"s":{"0":0,"1":0,"2":0,"3":0,"4":0,"5":0,"6":0,"7":0,"8":0,"9":0,"10":0,"11":0,"12":0,"13":0,"14":0,"15":0,"16":0,"17":0},"f":{"0":0,"1":0,"2":0},"b":{"0":[0,0]}}
,"/home/julien/Desktop/Free-Wiggum-opencode/projects/pictureshare/src/screens/PhotoFeedScreen.tsx": {"path":"/home/julien/Desktop/Free-Wiggum-opencode/projects/pictureshare/src/screens/PhotoFeedScreen.tsx","statementMap":{"0":{"start":{"line":34,"column":56},"end":{"line":509,"column":1}},"1":{"start":{"line":35,"column":19},"end":{"line":35,"column":28}},"2":{"start":{"line":36,"column":27},"end":{"line":36,"column":37}},"3":{"start":{"line":44,"column":6},"end":{"line":44,"column":17}},"4":{"start":{"line":45,"column":39},"end":{"line":45,"column":51}},"5":{"start":{"line":46,"column":27},"end":{"line":46,"column":58}},"6":{"start":{"line":49,"column":21},"end":{"line":49,"column":92}},"7":{"start":{"line":49,"column":35},"end":{"line":49,"column":74}},"8":{"start":{"line":49,"column":68},"end":{"line":49,"column":72}},"9":{"start":{"line":52,"column":42},"end":{"line":52,"column":82}},"10":{"start":{"line":55,"column":52},"end":{"line":55,"column":93}},"11":{"start":{"line":56,"column":54},"end":{"line":56,"column":86}},"12":{"start":{"line":59,"column":38},"end":{"line":59,"column":78}},"13":{"start":{"line":60,"column":40},"end":{"line":60,"column":81}},"14":{"start":{"line":61,"column":52},"end":{"line":61,"column":84}},"15":{"start":{"line":64,"column":44},"end":{"line":64,"column":84}},"16":{"start":{"line":67,"column":48},"end":{"line":67,"column":77}},"17":{"start":{"line":68,"column":52},"end":{"line":68,"column":67}},"18":{"start":{"line":71,"column":36},"end":{"line":71,"column":81}},"19":{"start":{"line":74,"column":2},"end":{"line":104,"column":24}},"20":{"start":{"line":75,"column":22},"end":{"line":101,"column":5}},"21":{"start":{"line":77,"column":24},"end":{"line":77,"column":78}},"22":{"start":{"line":77,"column":54},"end":{"line":77,"column":77}},"23":{"start":{"line":78,"column":6},"end":{"line":78,"column":41}},"24":{"start":{"line":78,"column":34},"end":{"line":78,"column":41}},"25":{"start":{"line":80,"column":26},"end":{"line":88,"column":8}},"26":{"start":{"line":81,"column":8},"end":{"line":87,"column":9}},"27":{"start":{"line":82,"column":22},"end":{"line":82,"column":75}},"28":{"start":{"line":83,"column":10},"end":{"line":83,"column":39}},"29":{"start":{"line":85,"column":10},"end":{"line":85,"column":82}},"30":{"start":{"line":86,"column":10},"end":{"line":86,"column":50}},"31":{"start":{"line":90,"column":22},"end":{"line":90,"column":52}},"32":{"start":{"line":92,"column":6},"end":{"line":100,"column":9}},"33":{"start":{"line":93,"column":21},"end":{"line":93,"column":34}},"34":{"start":{"line":94,"column":8},"end":{"line":98,"column":11}},"35":{"start":{"line":95,"column":10},"end":{"line":97,"column":11}},"36":{"start":{"line":96,"column":12},"end":{"line":96,"column":30}},"37":{"start":{"line":99,"column":8},"end":{"line":99,"column":20}},"38":{"start":{"line":103,"column":4},"end":{"line":103,"column":16}},"39":{"start":{"line":107,"column":2},"end":{"line":150,"column":79}},"40":{"start":{"line":108,"column":29},"end":{"line":147,"column":5}},"41":{"start":{"line":109,"column":6},"end":{"line":109,"column":45}},"42":{"start":{"line":109,"column":38},"end":{"line":109,"column":45}},"43":{"start":{"line":111,"column":29},"end":{"line":111,"column":55}},"44":{"start":{"line":112,"column":25},"end":{"line":112,"column":42}},"45":{"start":{"line":115,"column":28},"end":{"line":117,"column":7}},"46":{"start":{"line":116,"column":15},"end":{"line":116,"column":81}},"47":{"start":{"line":119,"column":6},"end":{"line":119,"column":45}},"48":{"start":{"line":119,"column":38},"end":{"line":119,"column":45}},"49":{"start":{"line":121,"column":6},"end":{"line":125,"column":9}},"50":{"start":{"line":122,"column":21},"end":{"line":122,"column":34}},"51":{"start":{"line":123,"column":8},"end":{"line":123,"column":53}},"52":{"start":{"line":123,"column":37},"end":{"line":123,"column":51}},"53":{"start":{"line":124,"column":8},"end":{"line":124,"column":20}},"54":{"start":{"line":127,"column":6},"end":{"line":139,"column":8}},"55":{"start":{"line":129,"column":10},"end":{"line":137,"column":11}},"56":{"start":{"line":130,"column":30},"end":{"line":130,"column":88}},"57":{"start":{"line":131,"column":12},"end":{"line":131,"column":52}},"58":{"start":{"line":133,"column":12},"end":{"line":133,"column":92}},"59":{"start":{"line":134,"column":12},"end":{"line":134,"column":48}},"60":{"start":{"line":136,"column":12},"end":{"line":136,"column":40}},"61":{"start":{"line":141,"column":6},"end":{"line":141,"column":76}},"62":{"start":{"line":141,"column":37},"end":{"line":141,"column":74}},"63":{"start":{"line":142,"column":6},"end":{"line":146,"column":9}},"64":{"start":{"line":143,"column":21},"end":{"line":143,"column":34}},"65":{"start":{"line":144,"column":8},"end":{"line":144,"column":56}},"66":{"start":{"line":144,"column":37},"end":{"line":144,"column":54}},"67":{"start":{"line":145,"column":8},"end":{"line":145,"column":20}},"68":{"start":{"line":149,"column":4},"end":{"line":149,"column":23}},"69":{"start":{"line":153,"column":2},"end":{"line":168,"column":36}},"70":{"start":{"line":154,"column":41},"end":{"line":154,"column":43}},"71":{"start":{"line":156,"column":4},"end":{"line":163,"column":7}},"72":{"start":{"line":157,"column":6},"end":{"line":157,"column":43}},"73":{"start":{"line":157,"column":36},"end":{"line":157,"column":43}},"74":{"start":{"line":159,"column":26},"end":{"line":161,"column":8}},"75":{"start":{"line":160,"column":8},"end":{"line":160,"column":68}},"76":{"start":{"line":160,"column":32},"end":{"line":160,"column":66}},"77":{"start":{"line":162,"column":6},"end":{"line":162,"column":38}},"78":{"start":{"line":165,"column":4},"end":{"line":167,"column":6}},"79":{"start":{"line":166,"column":6},"end":{"line":166,"column":48}},"80":{"start":{"line":166,"column":39},"end":{"line":166,"column":46}},"81":{"start":{"line":171,"column":2},"end":{"line":191,"column":42}},"82":{"start":{"line":172,"column":4},"end":{"line":175,"column":5}},"83":{"start":{"line":173,"column":6},"end":{"line":173,"column":32}},"84":{"start":{"line":174,"column":6},"end":{"line":174,"column":13}},"85":{"start":{"line":177,"column":41},"end":{"line":177,"column":43}},"86":{"start":{"line":179,"column":4},"end":{"line":186,"column":7}},"87":{"start":{"line":180,"column":6},"end":{"line":180,"column":43}},"88":{"start":{"line":180,"column":36},"end":{"line":180,"column":43}},"89":{"start":{"line":182,"column":26},"end":{"line":184,"column":8}},"90":{"start":{"line":183,"column":8},"end":{"line":183,"column":72}},"91":{"start":{"line":183,"column":33},"end":{"line":183,"column":70}},"92":{"start":{"line":185,"column":6},"end":{"line":185,"column":38}},"93":{"start":{"line":188,"column":4},"end":{"line":190,"column":6}},"94":{"start":{"line":189,"column":6},"end":{"line":189,"column":48}},"95":{"start":{"line":189,"column":39},"end":{"line":189,"column":46}},"96":{"start":{"line":194,"column":2},"end":{"line":209,"column":36}},"97":{"start":{"line":195,"column":41},"end":{"line":195,"column":43}},"98":{"start":{"line":197,"column":4},"end":{"line":204,"column":7}},"99":{"start":{"line":198,"column":6},"end":{"line":198,"column":43}},"100":{"start":{"line":198,"column":36},"end":{"line":198,"column":43}},"101":{"start":{"line":200,"column":26},"end":{"line":202,"column":8}},"102":{"start":{"line":201,"column":8},"end":{"line":201,"column":71}},"103":{"start":{"line":201,"column":35},"end":{"line":201,"column":69}},"104":{"start":{"line":203,"column":6},"end":{"line":203,"column":38}},"105":{"start":{"line":206,"column":4},"end":{"line":208,"column":6}},"106":{"start":{"line":207,"column":6},"end":{"line":207,"column":48}},"107":{"start":{"line":207,"column":39},"end":{"line":207,"column":46}},"108":{"start":{"line":212,"column":25},"end":{"line":235,"column":52}},"109":{"start":{"line":213,"column":43},"end":{"line":216,"column":7}},"110":{"start":{"line":213,"column":69},"end":{"line":216,"column":5}},"111":{"start":{"line":218,"column":45},"end":{"line":223,"column":9}},"112":{"start":{"line":219,"column":21},"end":{"line":219,"column":39}},"113":{"start":{"line":220,"column":19},"end":{"line":223,"column":7}},"114":{"start":{"line":225,"column":21},"end":{"line":225,"column":61}},"115":{"start":{"line":226,"column":4},"end":{"line":232,"column":7}},"116":{"start":{"line":228,"column":8},"end":{"line":228,"column":93}},"117":{"start":{"line":230,"column":8},"end":{"line":230,"column":93}},"118":{"start":{"line":231,"column":6},"end":{"line":231,"column":27}},"119":{"start":{"line":234,"column":4},"end":{"line":234,"column":20}},"120":{"start":{"line":238,"column":28},"end":{"line":271,"column":3}},"121":{"start":{"line":240,"column":6},"end":{"line":243,"column":7}},"122":{"start":{"line":241,"column":8},"end":{"line":241,"column":87}},"123":{"start":{"line":242,"column":8},"end":{"line":242,"column":15}},"124":{"start":{"line":246,"column":6},"end":{"line":268,"column":8}},"125":{"start":{"line":255,"column":14},"end":{"line":264,"column":15}},"126":{"start":{"line":256,"column":16},"end":{"line":256,"column":84}},"127":{"start":{"line":257,"column":16},"end":{"line":257,"column":69}},"128":{"start":{"line":260,"column":16},"end":{"line":263,"column":18}},"129":{"start":{"line":274,"column":29},"end":{"line":282,"column":3}},"130":{"start":{"line":276,"column":6},"end":{"line":276,"column":30}},"131":{"start":{"line":276,"column":17},"end":{"line":276,"column":30}},"132":{"start":{"line":278,"column":6},"end":{"line":278,"column":56}},"133":{"start":{"line":278,"column":43},"end":{"line":278,"column":56}},"134":{"start":{"line":279,"column":6},"end":{"line":279,"column":53}},"135":{"start":{"line":284,"column":27},"end":{"line":311,"column":3}},"136":{"start":{"line":286,"column":6},"end":{"line":289,"column":7}},"137":{"start":{"line":287,"column":8},"end":{"line":287,"column":69}},"138":{"start":{"line":288,"column":8},"end":{"line":288,"column":15}},"139":{"start":{"line":291,"column":6},"end":{"line":293,"column":7}},"140":{"start":{"line":292,"column":8},"end":{"line":292,"column":15}},"141":{"start":{"line":295,"column":6},"end":{"line":295,"column":65}},"142":{"start":{"line":295,"column":37},"end":{"line":295,"column":63}},"143":{"start":{"line":297,"column":6},"end":{"line":308,"column":7}},"144":{"start":{"line":298,"column":8},"end":{"line":298,"column":43}},"145":{"start":{"line":300,"column":8},"end":{"line":300,"column":53}},"146":{"start":{"line":301,"column":8},"end":{"line":301,"column":95}},"147":{"start":{"line":303,"column":8},"end":{"line":307,"column":11}},"148":{"start":{"line":304,"column":23},"end":{"line":304,"column":36}},"149":{"start":{"line":305,"column":10},"end":{"line":305,"column":31}},"150":{"start":{"line":306,"column":10},"end":{"line":306,"column":22}},"151":{"start":{"line":313,"column":29},"end":{"line":316,"column":8}},"152":{"start":{"line":314,"column":4},"end":{"line":314,"column":32}},"153":{"start":{"line":315,"column":4},"end":{"line":315,"column":31}},"154":{"start":{"line":318,"column":30},"end":{"line":321,"column":8}},"155":{"start":{"line":319,"column":4},"end":{"line":319,"column":32}},"156":{"start":{"line":320,"column":4},"end":{"line":320,"column":29}},"157":{"start":{"line":324,"column":29},"end":{"line":356,"column":3}},"158":{"start":{"line":325,"column":4},"end":{"line":327,"column":5}},"159":{"start":{"line":326,"column":6},"end":{"line":326,"column":34}},"160":{"start":{"line":329,"column":4},"end":{"line":331,"column":5}},"161":{"start":{"line":330,"column":6},"end":{"line":330,"column":32}},"162":{"start":{"line":333,"column":4},"end":{"line":335,"column":5}},"163":{"start":{"line":334,"column":6},"end":{"line":334,"column":32}},"164":{"start":{"line":337,"column":4},"end":{"line":355,"column":6}},"165":{"start":{"line":342,"column":34},"end":{"line":342,"column":41}},"166":{"start":{"line":358,"column":22},"end":{"line":413,"column":3}},"167":{"start":{"line":359,"column":22},"end":{"line":359,"column":45}},"168":{"start":{"line":360,"column":22},"end":{"line":360,"column":49}},"169":{"start":{"line":362,"column":4},"end":{"line":412,"column":6}},"170":{"start":{"line":391,"column":27},"end":{"line":391,"column":52}},"171":{"start":{"line":397,"column":71},"end":{"line":397,"column":98}},"172":{"start":{"line":404,"column":29},"end":{"line":404,"column":72}},"173":{"start":{"line":415,"column":27},"end":{"line":421,"column":3}},"174":{"start":{"line":416,"column":4},"end":{"line":420,"column":11}},"175":{"start":{"line":423,"column":29},"end":{"line":428,"column":3}},"176":{"start":{"line":424,"column":4},"end":{"line":427,"column":11}},"177":{"start":{"line":430,"column":27},"end":{"line":439,"column":3}},"178":{"start":{"line":431,"column":4},"end":{"line":438,"column":11}},"179":{"start":{"line":435,"column":66},"end":{"line":435,"column":90}},"180":{"start":{"line":441,"column":23},"end":{"line":449,"column":3}},"181":{"start":{"line":442,"column":4},"end":{"line":442,"column":34}},"182":{"start":{"line":442,"column":22},"end":{"line":442,"column":34}},"183":{"start":{"line":443,"column":4},"end":{"line":448,"column":6}},"184":{"start":{"line":451,"column":2},"end":{"line":453,"column":3}},"185":{"start":{"line":452,"column":4},"end":{"line":452,
[...]
ne":163,"column":18},"end":{"line":189,"column":1}},"line":163},"7":{"name":"subscribeToPhotos","decl":{"start":{"line":197,"column":16},"end":{"line":197,"column":33}},"loc":{"start":{"line":200,"column":15},"end":{"line":236,"column":1}},"line":200},"8":{"name":"(anonymous_8)","decl":{"start":{"line":211,"column":4},"end":{"line":211,"column":5}},"loc":{"start":{"line":211,"column":47},"end":{"line":228,"column":5}},"line":211},"9":{"name":"(anonymous_9)","decl":{"start":{"line":212,"column":48},"end":{"line":212,"column":49}},"loc":{"start":{"line":212,"column":57},"end":{"line":226,"column":7}},"line":212},"10":{"name":"(anonymous_10)","decl":{"start":{"line":229,"column":4},"end":{"line":229,"column":5}},"loc":{"start":{"line":229,"column":15},"end":{"line":232,"column":5}},"line":229},"11":{"name":"loadPhotosBatch","decl":{"start":{"line":245,"column":22},"end":{"line":245,"column":37}},"loc":{"start":{"line":249,"column":85},"end":{"line":290,"column":1}},"line":249},"12":{"name":"(anonymous_12)","decl":{"start":{"line":266,"column":46},"end":{"line":266,"column":47}},"loc":{"start":{"line":266,"column":55},"end":{"line":280,"column":5}},"line":266},"13":{"name":"loadInitialPhotos","decl":{"start":{"line":295,"column":22},"end":{"line":295,"column":39}},"loc":{"start":{"line":298,"column":85},"end":{"line":300,"column":1}},"line":298},"14":{"name":"canDeletePhoto","decl":{"start":{"line":306,"column":22},"end":{"line":306,"column":36}},"loc":{"start":{"line":310,"column":20},"end":{"line":343,"column":1}},"line":310},"15":{"name":"deletePhotoWithPermission","decl":{"start":{"line":348,"column":22},"end":{"line":348,"column":47}},"loc":{"start":{"line":352,"column":17},"end":{"line":373,"column":1}},"line":352}},"branchMap":{"0":{"loc":{"start":{"line":67,"column":4},"end":{"line":78,"column":5}},"type":"if","locations":[{"start":{"line":67,"column":4},"end":{"line":78,"column":5}},{"start":{},"end":{}}],"line":67},"1":{"loc":{"start":{"line":127,"column":17},"end":{"line":127,"column":73}},"type":"binary-expr","locations":[{"start":{"line":127,"column":17},"end":{"line":127,"column":28}},{"start":{"line":127,"column":32},"end":{"line":127,"column":73}}],"line":127},"2":{"loc":{"start":{"line":165,"column":13},"end":{"line":165,"column":41}},"type":"binary-expr","locations":[{"start":{"line":165,"column":13},"end":{"line":165,"column":20}},{"start":{"line":165,"column":24},"end":{"line":165,"column":41}}],"line":165},"3":{"loc":{"start":{"line":220,"column":21},"end":{"line":220,"column":59}},"type":"binary-expr","locations":[{"start":{"line":220,"column":21},"end":{"line":220,"column":45}},{"start":{"line":220,"column":49},"end":{"line":220,"column":59}}],"line":220},"4":{"loc":{"start":{"line":223,"column":21},"end":{"line":223,"column":40}},"type":"binary-expr","locations":[{"start":{"line":223,"column":21},"end":{"line":223,"column":35}},{"start":{"line":223,"column":39},"end":{"line":223,"column":40}}],"line":223},"5":{"loc":{"start":{"line":224,"column":24},"end":{"line":224,"column":46}},"type":"binary-expr","locations":[{"start":{"line":224,"column":24},"end":{"line":224,"column":41}},{"start":{"line":224,"column":45},"end":{"line":224,"column":46}}],"line":224},"6":{"loc":{"start":{"line":247,"column":2},"end":{"line":247,"column":24}},"type":"default-arg","locations":[{"start":{"line":247,"column":22},"end":{"line":247,"column":24}}],"line":247},"7":{"loc":{"start":{"line":260,"column":4},"end":{"line":262,"column":5}},"type":"if","locations":[{"start":{"line":260,"column":4},"end":{"line":262,"column":5}},{"start":{},"end":{}}],"line":260},"8":{"loc":{"start":{"line":274,"column":19},"end":{"line":274,"column":57}},"type":"binary-expr","locations":[{"start":{"line":274,"column":19},"end":{"line":274,"column":43}},{"start":{"line":274,"column":47},"end":{"line":274,"column":57}}],"line":274},"9":{"loc":{"start":{"line":277,"column":19},"end":{"line":277,"column":38}},"type":"binary-expr","locations":[{"start":{"line":277,"column":19},"end":{"line":277,"column":33}},{"start":{"line":277,"column":37},"end":{"line":277,"column":38}}],"line":277},"10":{"loc":{"start":{"line":278,"column":22},"end":{"line":278,"column":44}},"type":"binary-expr","locations":[{"start":{"line":278,"column":22},"end":{"line":278,"column":39}},{"start":{"line":278,"column":43},"end":{"line":278,"column":44}}],"line":278},"11":{"loc":{"start":{"line":283,"column":20},"end":{"line":283,"column":67}},"type":"binary-expr","locations":[{"start":{"line":283,"column":20},"end":{"line":283,"column":59}},{"start":{"line":283,"column":63},"end":{"line":283,"column":67}}],"line":283},"12":{"loc":{"start":{"line":297,"column":2},"end":{"line":297,"column":24}},"type":"default-arg","locations":[{"start":{"line":297,"column":22},"end":{"line":297,"column":24}}],"line":297},"13":{"loc":{"start":{"line":316,"column":4},"end":{"line":318,"column":5}},"type":"if","locations":[{"start":{"line":316,"column":4},"end":{"line":318,"column":5}},{"start":{},"end":{}}],"line":316},"14":{"loc":{"start":{"line":323,"column":4},"end":{"line":325,"column":5}},"type":"if","locations":[{"start":{"line":323,"column":4},"end":{"line":325,"column":5}},{"start":{},"end":{}}],"line":323},"15":{"loc":{"start":{"line":331,"column":4},"end":{"line":336,"column":5}},"type":"if","locations":[{"start":{"line":331,"column":4},"end":{"line":336,"column":5}},{"start":{},"end":{}}],"line":331},"16":{"loc":{"start":{"line":333,"column":6},"end":{"line":335,"column":7}},"type":"if","locations":[{"start":{"line":333,"column":6},"end":{"line":335,"column":7}},{"start":{},"end":{}}],"line":333},"17":{"loc":{"start":{"line":356,"column":2},"end":{"line":358,"column":3}},"type":"if","locations":[{"start":{"line":356,"column":2},"end":{"line":358,"column":3}},{"start":{},"end":{}}],"line":356},"18":{"loc":{"start":{"line":364,"column":2},"end":{"line":366,"column":3}},"type":"if","locations":[{"start":{"line":364,"column":2},"end":{"line":366,"column":3}},{"start":{},"end":{}}],"line":364}},"s":{"0":1,"1":3,"2":6,"3":6,"4":6,"5":6,"6":6,"7":6,"8":6,"9":2,"10":2,"11":2,"12":0,"13":6,"14":5,"15":1,"16":1,"17":4,"18":4,"19":4,"20":4,"21":0,"22":0,"23":4,"24":4,"25":4,"26":4,"27":1,"28":4,"29":4,"30":0,"31":0,"32":3,"33":3,"34":3,"35":3,"36":3,"37":3,"38":3,"39":1,"40":2,"41":2,"42":1,"43":1,"44":1,"45":3,"46":4,"47":4,"48":4,"49":1,"50":4,"51":3,"52":1,"53":1,"54":3,"55":3,"56":1,"57":1,"58":0,"59":8,"60":8,"61":8,"62":6,"63":1,"64":5,"65":5,"66":3,"67":2,"68":2,"69":2,"70":2,"71":2,"72":1,"73":1,"74":2,"75":2,"76":3,"77":3,"78":1,"79":2,"80":2,"81":2,"82":1,"83":1,"84":1,"85":1},"f":{"0":3,"1":6,"2":2,"3":0,"4":4,"5":4,"6":3,"7":3,"8":1,"9":2,"10":1,"11":4,"12":1,"13":0,"14":8,"15":3},"b":{"0":[2,4],"1":[4,2],"2":[3,1],"3":[2,2],"4":[2,2],"5":[2,2],"6":[2],"7":[1,3],"8":[1,1],"9":[1,1],"10":[1,1],"11":[3,2],"12":[0],"13":[1,5],"14":[3,2],"15":[2,0],"16":[1,1],"17":[1,2],"18":[1,1]},"_coverageSchema":"1a1c01bbd47fc00a2c39e90264f33305004495a9","hash":"7ac0f9e2f1e90e1e5e9bec90c9682941d3f24dd5"}
,"/home/julien/Desktop/Free-Wiggum-opencode/projects/pictureshare/src/types/index.ts": {"path":"/home/julien/Desktop/Free-Wiggum-opencode/projects/pictureshare/src/types/index.ts","statementMap":{},"fnMap":{},"branchMap":{},"s":{},"f":{},"b":{}}
,"/home/julien/Desktop/Free-Wiggum-opencode/projects/pictureshare/src/utils/codeGenerator.ts": {"path":"/home/julien/Desktop/Free-Wiggum-opencode/projects/pictureshare/src/utils/codeGenerator.ts","statementMap":{"0":{"start":{"line":9,"column":18},"end":{"line":9,"column":46}},"1":{"start":{"line":10,"column":17},"end":{"line":10,"column":29}},"2":{"start":{"line":13,"column":17},"end":{"line":13,"column":21}},"3":{"start":{"line":14,"column":17},"end":{"line":14,"column":18}},"4":{"start":{"line":15,"column":22},"end":{"line":15,"column":24}},"5":{"start":{"line":17,"column":2},"end":{"line":40,"column":48}},"6":{"start":{"line":19,"column":22},"end":{"line":19,"column":24}},"7":{"start":{"line":20,"column":4},"end":{"line":23,"column":5}},"8":{"start":{"line":20,"column":17},"end":{"line":20,"column":18}},"9":{"start":{"line":21,"column":26},"end":{"line":21,"column":68}},"10":{"start":{"line":22,"column":6},"end":{"line":22,"column":42}},"11":{"start":{"line":26,"column":21},"end":{"line":26,"column":23}},"12":{"start":{"line":27,"column":4},"end":{"line":30,"column":5}},"13":{"start":{"line":27,"column":17},"end":{"line":27,"column":18}},"14":{"start":{"line":28,"column":26},"end":{"line":28,"column":67}},"15":{"start":{"line":29,"column":6},"end":{"line":29,"column":40}},"16":{"start":{"line":32,"column":4},"end":{"line":32,"column":36}},"17":{"start":{"line":33,"column":4},"end":{"line":33,"column":15}},"18":{"start":{"line":35,"column":4},"end":{"line":39,"column":5}},"19":{"start":{"line":36,"column":6},"end":{"line":36,"column":41}},"20":{"start":{"line":38,"column":6},"end":{"line":38,"column":22}},"21":{"start":{"line":42,"column":2},"end":{"line":44,"column":3}},"22":{"start":{"line":43,"column":4},"end":{"line":43,"column":95}},"23":{"start":{"line":46,"column":2},"end":{"line":46,"column":14}},"24":{"start":{"line":53,"column":2},"end":{"line":55,"column":3}},"25":{"start":{"line":54,"column":4},"end":{"line":54,"column":17}},"26":{"start":{"line":56,"column":16},"end":{"line":56,"column":33}},"27":{"start":{"line":57,"column":2},"end":{"line":57,"column":26}}},"fnMap":{"0":{"name":"generateEventCode","decl":{"start":{"line":6,"column":22},"end":{"line":6,"column":39}},"loc":{"start":{"line":8,"column":19},"end":{"line":47,"column":1}},"line":8},"1":{"name":"isValidEventCode","decl":{"start":{"line":52,"column":16},"end":{"line":52,"column":32}},"loc":{"start":{"line":52,"column":75},"end":{"line":58,"column":1}},"line":52}},"branchMap":{"0":{"loc":{"start":{"line":35,"column":4},"end":{"line":39,"column":5}},"type":"if","locations":[{"start":{"line":35,"column":4},"end":{"line":39,"column":5}},{"start":{"line":37,"column":11},"end":{"line":39,"column":5}}],"line":35},"1":{"loc":{"start":{"line":40,"column":11},"end":{"line":40,"column":46}},"type":"binary-expr","locations":[{"start":{"line":40,"column":11},"end":{"line":40,"column":20}},{"start":{"line":40,"column":24},"end":{"line":40,"column":46}}],"line":40},"2":{"loc":{"start":{"line":42,"column":2},"end":{"line":44,"column":3}},"type":"if","locations":[{"start":{"line":42,"column":2},"end":{"line":44,"column":3}},{"start":{},"end":{}}],"line":42},"3":{"loc":{"start":{"line":53,"column":2},"end":{"line":55,"column":3}},"type":"if","locations":[{"start":{"line":53,"column":2},"end":{"line":55,"column":3}},{"start":{},"end":{}}],"line":53}},"s":{"0":105,"1":105,"2":105,"3":105,"4":105,"5":105,"6":117,"7":117,"8":117,"9":351,"10":351,"11":117,"12":117,"13":117,"14":351,"15":351,"16":117,"17":117,"18":117,"19":14,"20":103,"21":105,"22":1,"23":104,"24":19,"25":2,"26":17,"27":17},"f":{"0":105,"1":19},"b":{"0":[14,103],"1":[117,13],"2":[1,104],"3":[2,17]},"_coverageSchema":"1a1c01bbd47fc00a2c39e90264f33305004495a9","hash":"9ac315baf30950ccb6b81a672f2e07bd95f7a497"}
,"/home/julien/Desktop/Free-Wiggum-opencode/projects/pictureshare/src/utils/imagePicker.ts": {"path":"/home/julien/Desktop/Free-Wiggum-opencode/projects/pictureshare/src/utils/imagePicker.ts","statementMap":{"0":{"start":{"line":12,"column":22},"end":{"line":12,"column":26}},"1":{"start":{"line":13,"column":28},"end":{"line":13,"column":31}},"2":{"start":{"line":24,"column":2},"end":{"line":62,"column":3}},"3":{"start":{"line":26,"column":4},"end":{"line":28,"column":5}},"4":{"start":{"line":27,"column":6},"end":{"line":27,"column":46}},"5":{"start":{"line":31,"column":22},"end":{"line":31,"column":27}},"6":{"start":{"line":32,"column":23},"end":{"line":32,"column":29}},"7":{"start":{"line":34,"column":4},"end":{"line":40,"column":5}},"8":{"start":{"line":35,"column":6},"end":{"line":35,"column":34}},"9":{"start":{"line":36,"column":6},"end":{"line":36,"column":66}},"10":{"start":{"line":38,"column":6},"end":{"line":38,"column":35}},"11":{"start":{"line":39,"column":6},"end":{"line":39,"column":65}},"12":{"start":{"line":43,"column":29},"end":{"line":51,"column":5}},"13":{"start":{"line":53,"column":4},"end":{"line":57,"column":6}},"14":{"start":{"line":59,"column":4},"end":{"line":59,"column":53}},"15":{"start":{"line":61,"column":4},"end":{"line":61,"column":44}},"16":{"start":{"line":70,"column":2},"end":{"line":72,"column":3}},"17":{"start":{"line":71,"column":4},"end":{"line":71,"column":16}},"18":{"start":{"line":74,"column":35},"end":{"line":74,"column":84}},"19":{"start":{"line":75,"column":41},"end":{"line":75,"column":96}},"20":{"start":{"line":77,"column":2},"end":{"line":84,"column":3}},"21":{"start":{"line":78,"column":4},"end":{"line":82,"column":6}},"22":{"start":{"line":83,"column":4},"end":{"line":83,"column":17}},"23":{"start":{"line":86,"column":2},"end":{"line":93,"column":3}},"24":{"start":{"line":87,"column":4},"end":{"line":91,"column":6}},"25":{"start":{"line":92,"column":4},"end":{"line":92,"column":17}},"26":{"start":{"line":95,"column":2},"end":{"line":102,"column":3}},"27":{"start":{"line":96,"column":4},"end":{"line":100,"column":6}},"28":{"start":{"line":101,"column":4},"end":{"line":101,"column":17}},"29":{"start":{"line":104,"column":2},"end":{"line":104,"column":14}},"30":{"start":{"line":111,"column":24},"end":{"line":111,"column":55}},"31":{"start":{"line":112,"column":2},"end":{"line":114,"column":3}},"32":{"start":{"line":113,"column":4},"end":{"line":113,"column":16}},"33":{"start":{"line":116,"column":2},"end":{"line":141,"column":3}},"34":{"start":{"line":117,"column":19},"end":{"line":122,"column":6}},"35":{"start":{"line":124,"column":4},"end":{"line":126,"column":5}},"36":{"start":{"line":125,"column":6},"end":{"line":125,"column":18}},"37":{"start":{"line":128,"column":26},"end":{"line":128,"column":42}},"38":{"start":{"line":130,"column":23},"end":{"line":134,"column":5}},"39":{"start":{"line":136,"column":4},"end":{"line":136,"column":22}},"40":{"start":{"line":138,"column":4},"end":{"line":138,"column":48}},"41":{"start":{"line":139,"column":4},"end":{"line":139,"column":75}},"42":{"start":{"line":140,"column":4},"end":{"line":140,"column":16}},"43":{"start":{"line":148,"column":24},"end":{"line":148,"column":55}},"44":{"start":{"line":149,"column":2},"end":{"line":151,"column":3}},"45":{"start":{"line":150,"column":4},"end":{"line":150,"column":16}},"46":{"start":{"line":153,"column":2},"end":{"line":178,"column":3}},"47":{"start":{"line":154,"column":19},"end":{"line":159,"column":6}},"48":{"start":{"line":161,"column":4},"end":{"line":163,"column":5}},"49":{"start":{"line":162,"column":6},"end":{"line":162,"column":18}},"50":{"start":{"line":165,"column":26},"end":{"line":165,"column":42}},"51":{"start":{"line":167,"column":23},"end":{"line":171,"column":5}},"52":{"start":{"line":173,"column":4},"end":{"line":173,"column":22}},"53":{"start":{"line":175,"column":4},"end":{"line":175,"column":49}},"54":{"start":{"line":176,"column":4},"end":{"line":176,"column":78}},"55":{"start":{"line":177,"column":4},"end":{"line":177,"column":16}},"56":{"start":{"line":186,"column":2},"end":{"line":190,"column":3}},"57":{"start":{"line":187,"column":4},"end":{"line":187,"column":29}},"58":{"start":{"line":189,"column":4},"end":{"line":189,"column":35}}},"fnMap":{"0":{"name":"compressImage","decl":{"start":{"line":19,"column":22},"end":{"line":19,"column":35}},"loc":{"start":{"line":23,"column":24},"end":{"line":63,"column":1}},"line":23},"1":{"name":"requestMediaPermissions","decl":{"start":{"line":69,"column":22},"end":{"line":69,"column":45}},"loc":{"start":{"line":69,"column":66},"end":{"line":105,"column":1}},"line":69},"2":{"name":"takePhoto","decl":{"start":{"line":110,"column":22},"end":{"line":110,"column":31}},"loc":{"start":{"line":110,"column":63},"end":{"line":142,"column":1}},"line":110},"3":{"name":"pickFromGallery","decl":{"start":{"line":147,"column":22},"end":{"line":147,"column":37}},"loc":{"start":{"line":147,"column":69},"end":{"line":179,"column":1}},"line":147},"4":{"name":"pickImage","decl":{"start":{"line":185,"column":22},"end":{"line":185,"column":31}},"loc":{"start":{"line":185,"column":91},"end":{"line":191,"column":1}},"line":185}},"branchMap":{"0":{"loc":{"start":{"line":26,"column":4},"end":{"line":28,"column":5}},"type":"if","locations":[{"start":{"line":26,"column":4},"end":{"line":28,"column":5}},{"start":{},"end":{}}],"line":26},"1":{"loc":{"start":{"line":26,"column":8},"end":{"line":26,"column":57}},"type":"binary-expr","locations":[{"start":{"line":26,"column":8},"end":{"line":26,"column":30}},{"start":{"line":26,"column":34},"end":{"line":26,"column":57}}],"line":26},"2":{"loc":{"start":{"line":34,"column":4},"end":{"line":40,"column":5}},"type":"if","locations":[{"start":{"line":34,"column":4},"end":{"line":40,"column":5}},{"start":{"line":37,"column":11},"end":{"line":40,"column":5}}],"line":34},"3":{"loc":{"start":{"line":70,"column":2},"end":{"line":72,"column":3}},"type":"if","locations":[{"start":{"line":70,"column":2},"end":{"line":72,"column":3}},{"start":{},"end":{}}],"line":70},"4":{"loc":{"start":{"line":77,"column":2},"end":{"line":84,"column":3}},"type":"if","locations":[{"start":{"line":77,"column":2},"end":{"line":84,"column":3}},{"start":{},"end":{}}],"line":77},"5":{"loc":{"start":{"line":77,"column":6},"end":{"line":77,"column":68}},"type":"binary-expr","locations":[{"start":{"line":77,"column":6},"end":{"line":77,"column":32}},{"start":{"line":77,"column":36},"end":{"line":77,"column":68}}],"line":77},"6":{"loc":{"start":{"line":86,"column":2},"end":{"line":93,"column":3}},"type":"if","locations":[{"start":{"line":86,"column":2},"end":{"line":93,"column":3}},{"start":{},"end":{}}],"line":86},"7":{"loc":{"start":{"line":95,"column":2},"end":{"line":102,"column":3}},"type":"if","locations":[{"start":{"line":95,"column":2},"end":{"line":102,"column":3}},{"start":{},"end":{}}],"line":95},"8":{"loc":{"start":{"line":112,"column":2},"end":{"line":114,"column":3}},"type":"if","locations":[{"start":{"line":112,"column":2},"end":{"line":114,"column":3}},{"start":{},"end":{}}],"line":112},"9":{"loc":{"start":{"line":124,"column":4},"end":{"line":126,"column":5}},"type":"if","locations":[{"start":{"line":124,"column":4},"end":{"line":126,"column":5}},{"start":{},"end":{}}],"line":124},"10":{"loc":{"start":{"line":149,"column":2},"end":{"line":151,"column":3}},"type":"if","locations":[{"start":{"line":149,"column":2},"end":{"line":151,"column":3}},{"start":{},"end":{}}],"line":149},"11":{"loc":{"start":{"line":161,"column":4},"end":{"line":163,"column":5}},"type":"if","locations":[{"start":{"line":161,"column":4},"end":{"line":163,"column":5}},{"start":{},"end":{}}],"line":161},"12":{"loc":{"start":{"line":186,"column":2},"end":{"line":190,"column":3}},"type":"if","locations":[{"start":{"line":186,"column":2},"end":{"line":190,"column":3}},{"start":{"line":188,"column":9},"end":{"line":190,"column":3}}],"line":186}},"s":{"0":1,"1":1,"2":8,"3":8,"4":3,"5":5,"6":5,"7":5,"8":4,"9":4,"10":1,"11":1,"12":5,"13":4,"14":1,"15":1,"16":16,"17":1,"18":15,"19":15,"20":15,"21":6,"22":6,"23":9,"24":1,"25":1,"26":8,"27":1,"28":1,"29":7,"30":6,"31":6,"32":3,"33":3,"34":3,"35":2,"36":0,"37":2,"38":2,"39":2,"40":1,"41":1,"42":1,"43":5,"44":5,"45":2,"46":3,"47":3,"48":2,"49":0,"50":2,"51":2,"52":2,"53":1,"54":1,"55":1,"56":3,"57":2,"58":1},"f":{"0":8,"1":16,"2":6,"3":5,"4":3},"b":{"0":[3,5],"1":[8,4],"2":[4,1],"3":[1,15],"4":[6,9],"5":[15,7],"6":[1,8],"7":[1,7],"8":[3,3],"9":[0,2],"10":[2,3],"11":[0,2],"12":[2,1]},"_coverageSchema":"1a1c01bbd47fc00a2c39e90264f33305004495a9","hash":"990a7b2a0fa3bd899673cf433089f17bac45fb85"}
,"/home/julien/Desktop/Free-Wiggum-opencode/projects/pictureshare/src/utils/index.ts": {"path":"/home/julien/Desktop/Free-Wiggum-opencode/projects/pictureshare/src/utils/index.ts","statementMap":{},"fnMap":{},"branchMap":{},"s":{},"f":{},"b":{}}
}
