TN:
SF:src/components/CommentItem.tsx
FN:12,(anonymous_0)
FN:16,(anonymous_1)
FN:30,(anonymous_2)
FNF:3
FNH:0
FNDA:0,(anonymous_0)
FNDA:0,(anonymous_1)
FNDA:0,(anonymous_2)
DA:12,0
DA:13,0
DA:14,0
DA:16,0
DA:17,0
DA:18,0
DA:19,0
DA:22,0
DA:23,0
DA:24,0
DA:26,0
DA:30,0
DA:31,0
DA:32,0
DA:33,0
DA:36,0
DA:52,0
LF:17
LH:0
BRDA:17,0,0,0
BRDA:17,0,1,0
BRDA:26,1,0,0
BRDA:26,1,1,0
BRDA:31,2,0,0
BRDA:31,2,1,0
BRDA:32,3,0,0
BRDA:32,3,1,0
BRDA:43,4,0,0
BRDA:43,4,1,0
BRF:10
BRH:0
end_of_record
TN:
SF:src/components/CommentsModal.tsx
FN:28,(anonymous_0)
FN:37,(anonymous_1)
FN:41,(anonymous_2)
FN:48,(anonymous_3)
FN:53,(anonymous_4)
FN:76,(anonymous_5)
FN:79,(anonymous_6)
FN:79,(anonymous_7)
FN:82,(anonymous_8)
FN:83,(anonymous_9)
FN:114,(anonymous_10)
FNF:11
FNH:0
FNDA:0,(anonymous_0)
FNDA:0,(anonymous_1)
FNDA:0,(anonymous_2)
FNDA:0,(anonymous_3)
FNDA:0,(anonymous_4)
FNDA:0,(anonymous_5)
FNDA:0,(anonymous_6)
FNDA:0,(anonymous_7)
FNDA:0,(anonymous_8)
FNDA:0,(anonymous_9)
FNDA:0,(anonymous_10)
DA:28,0
DA:29,0
DA:30,0
DA:31,0
DA:32,0
DA:33,0
DA:34,0
DA:37,0
DA:38,0
DA:40,0
DA:41,0
DA:42,0
DA:43,0
DA:46,0
DA:48,0
DA:49,0
DA:53,0
DA:54,0
DA:55,0
DA:56,0
DA:59,0
DA:60,0
DA:61,0
DA:62,0
DA:65,0
DA:66,0
DA:67,0
DA:68,0
DA:70,0
DA:72,0
DA:76,0
DA:79,0
DA:82,0
DA:83,0
DA:86,0
DA:114,0
DA:154,0
LF:37
LH:0
BRDA:38,0,0,0
BRDA:38,0,1,0
BRDA:38,1,0,0
BRDA:38,1,1,0
BRDA:54,2,0,0
BRDA:54,2,1,0
BRDA:60,3,0,0
BRDA:60,3,1,0
BRDA:70,4,0,0
BRDA:70,4,1,0
BRDA:95,5,0,0
BRDA:95,5,1,0
BRDA:96,6,0,0
BRDA:96,6,1,0
BRDA:106,7,0,0
BRDA:106,7,1,0
BRDA:137,8,0,0
BRDA:137,8,1,0
BRDA:137,8,2,0
BRDA:137,8,3,0
BRDA:140,9,0,0
BRDA:140,9,1,0
BRDA:140,9,2,0
BRDA:142,10,0,0
BRDA:142,10,1,0
BRDA:166,11,0,0
BRDA:166,11,1,0
BRF:27
BRH:0
end_of_record
TN:
SF:src/components/ParticipantsList.tsx
FN:20,(anonymous_0)
FN:57,(anonymous_1)
FN:66,(anonymous_2)
FN:67,(anonymous_3)
FN:113,(anonymous_4)
FN:133,(anonymous_5)
FN:134,(anonymous_6)
FNF:7
FNH:0
FNDA:0,(anonymous_0)
FNDA:0,(anonymous_1)
FNDA:0,(anonymous_2)
FNDA:0,(anonymous_3)
FNDA:0,(anonymous_4)
FNDA:0,(anonymous_5)
FNDA:0,(anonymous_6)
DA:20,0
DA:21,0
DA:22,0
DA:26,0
DA:29,0
DA:57,0
DA:58,0
DA:59,0
DA:60,0
DA:63,0
DA:64,0
DA:66,0
DA:67,0
DA:68,0
DA:69,0
DA:70,0
DA:71,0
DA:74,0
DA:75,0
DA:76,0
DA:77,0
DA:78,0
DA:80,0
DA:81,0
DA:83,0
DA:87,0
DA:90,0
DA:92,0
DA:93,0
DA:100,0
DA:101,0
DA:109,0
DA:110,0
DA:113,0
DA:120,0
DA:121,0
DA:130,0
DA:133,0
DA:134,0
DA:146,0
LF:40
LH:0
BRDA:22,0,0,0
BRDA:22,0,1,0
BRDA:26,1,0,0
BRDA:26,1,1,0
BRDA:30,2,0,0
BRDA:30,2,1,0
BRDA:33,3,0,0
BRDA:33,3,1,0
BRDA:42,4,0,0
BRDA:42,4,1,0
BRDA:68,5,0,0
BRDA:68,5,1,0
BRDA:90,6,0,0
BRDA:90,6,1,0
BRDA:92,7,0,0
BRDA:92,7,1,0
BRDA:100,8,0,0
BRDA:100,8,1,0
BRDA:109,9,0,0
BRDA:109,9,1,0
BRDA:120,10,0,0
BRDA:120,10,1,0
BRDA:139,11,0,0
BRDA:139,11,1,0
BRF:24
BRH:0
end_of_record
TN:
SF:src/components/QRCodeDisplay.tsx
FN:11,(anonymous_0)
FNF:1
FNH:0
FNDA:0,(anonymous_0)
DA:11,0
DA:13,0
DA:17,0
DA:31,0
LF:4
LH:0
BRDA:11,0,0,0
BRDA:13,1,0,0
BRDA:13,1,1,0
BRF:3
BRH:0
end_of_record
TN:
SF:src/components/index.ts
FNF:0
FNH:0
LF:0
LH:0
BRF:0
BRH:0
end_of_record
TN:
SF:src/contexts/AuthContext.tsx
FN:18,AuthProvider
FN:22,(anonymous_1)
FN:23,(anonymous_2)
FN:31,(anonymous_3)
FN:37,(anonymous_4)
FN:50,useAuth
FNF:6
FNH:0
FNDA:0,AuthProvider
FNDA:0,(anonymous_1)
FNDA:0,(anonymous_2)
FNDA:0,(anonymous_3)
FNDA:0,(anonymous_4)
FNDA:0,useAuth
DA:16,0
DA:19,0
DA:20,0
DA:22,0
DA:23,0
DA:24,0
DA:25,0
DA:28,0
DA:31,0
DA:32,0
DA:33,0
DA:34,0
DA:37,0
DA:38,0
DA:39,0
DA:40,0
DA:43,0
DA:51,0
DA:52,0
DA:53,0
DA:55,0
LF:21
LH:0
BRDA:52,0,0,0
BRDA:52,0,1,0
BRF:2
BRH:0
end_of_record
TN:
SF:src/contexts/EventContext.tsx
FN:16,EventProvider
FN:19,(anonymous_1)
FN:30,useEvent
FNF:3
FNH:0
FNDA:0,EventProvider
FNDA:0,(anonymous_1)
FNDA:0,useEvent
DA:10,0
DA:17,0
DA:19,0
DA:20,0
DA:23,0
DA:31,0
DA:32,0
DA:33,0
DA:35,0
LF:9
LH:0
BRDA:32,0,0,0
BRDA:32,0,1,0
BRF:2
BRH:0
end_of_record
TN:
SF:src/contexts/NetworkContext.tsx
FN:14,NetworkProvider
FN:18,(anonymous_1)
FN:23,(anonymous_2)
FN:25,(anonymous_3)
FN:30,(anonymous_4)
FN:36,(anonymous_5)
FN:44,(anonymous_6)
FN:48,(anonymous_7)
FN:69,useNetwork
FNF:9
FNH:0
FNDA:0,NetworkProvider
FNDA:0,(anonymous_1)
FNDA:0,(anonymous_2)
FNDA:0,(anonymous_3)
FNDA:0,(anonymous_4)
FNDA:0,(anonymous_5)
FNDA:0,(anonymous_6)
FNDA:0,(anonymous_7)
FNDA:0,useNetwork
DA:12,0
DA:15,0
DA:16,0
DA:18,0
DA:19,0
DA:20,0
DA:23,0
DA:25,0
DA:26,0
DA:30,0
DA:31,0
DA:32,0
DA:35,0
DA:36,0
DA:37,0
DA:38,0
DA:44,0
DA:45,0
DA:48,0
DA:49,0
DA:53,0
DA:55,0
DA:70,0
DA:71,0
DA:72,0
DA:74,0
LF:26
LH:0
BRDA:31,0,0,0
BRDA:31,0,1,0
BRDA:35,1,0,0
BRDA:35,1,1,0
BRDA:45,2,0,0
BRDA:45,2,1,0
BRDA:71,3,0,0
BRDA:71,3,1,0
BRF:8
BRH:0
end_of_record
TN:
SF:src/contexts/PhotoContext.tsx
FN:44,PhotoProvider
FN:56,(anonymous_1)
FN:68,(anonymous_2)
FN:93,(anonymous_3)
FN:99,(anonymous_4)
FN:114,(anonymous_5)
FN:125,(anonymous_6)
FN:126,(anonymous_7)
FN:133,(anonymous_8)
FN:134,(anonymous_9)
FN:142,(anonymous_10)
FN:146,(anonymous_11)
FN:157,(anonymous_12)
FN:159,(anonymous_13)
FN:160,(anonymous_14)
FN:193,usePhotos
FNF:16
FNH:0
FNDA:0,PhotoProvider
FNDA:0,(anonymous_1)
FNDA:0,(anonymous_2)
FNDA:0,(anonymous_3)
FNDA:0,(anonymous_4)
FNDA:0,(anonymous_5)
FNDA:0,(anonymous_6)
FNDA:0,(anonymous_7)
FNDA:0,(anonymous_8)
FNDA:0,(anonymous_9)
FNDA:0,(anonymous_10)
FNDA:0,(anonymous_11)
FNDA:0,(anonymous_12)
FNDA:0,(anonymous_13)
FNDA:0,(anonymous_14)
FNDA:0,usePhotos
DA:38,0
DA:45,0
DA:46,0
DA:47,0
DA:48,0
DA:49,0
DA:50,0
DA:51,0
DA:52,0
DA:53,0
DA:56,0
DA:57,0
DA:58,0
DA:59,0
DA:60,0
DA:61,0
DA:62,0
DA:63,0
DA:66,0
DA:68,0
DA:69,0
DA:70,0
DA:71,0
DA:72,0
DA:74,0
DA:75,0
DA:76,0
DA:77,0
DA:78,0
DA:81,0
DA:82,0
DA:83,0
DA:84,0
DA:85,0
DA:86,0
DA:91,0
DA:93,0
DA:94,0
DA:99,0
DA:100,0
DA:101,0
DA:104,0
DA:105,0
DA:106,0
DA:108,0
DA:114,0
DA:115,0
DA:116,0
DA:118,0
DA:119,0
DA:121,0
DA:125,0
DA:126,0
DA:127,0
DA:128,0
DA:129,0
DA:133,0
DA:134,0
DA:135,0
DA:136,0
DA:137,0
DA:142,0
DA:143,0
DA:145,0
DA:146,0
DA:148,0
DA:150,0
DA:151,0
DA:153,0
DA:157,0
DA:158,0
DA:159,0
DA:160,0
DA:161,0
DA:162,0
DA:163,0
DA:164,0
DA:165,0
DA:166,0
DA:169,0
DA:173,0
DA:194,0
DA:195,0
DA:196,0
DA:198,0
LF:85
LH:0
BRDA:57,0,0,0
BRDA:57,0,1,0
BRDA:74,1,0,0
BRDA:74,1,1,0
BRDA:82,2,0,0
BRDA:82,2,1,0
BRDA:100,3,0,0
BRDA:100,3,1,0
BRDA:100,4,0,0
BRDA:100,4,1,0
BRDA:100,4,2,0
BRDA:100,4,3,0
BRDA:148,5,0,0
BRDA:148,5,1,0
BRDA:150,6,0,0
BRDA:150,6,1,0
BRDA:158,7,0,0
BRDA:158,7,1,0
BRDA:164,8,0,0
BRDA:164,8,1,0
BRDA:169,9,0,0
BRDA:169,9,1,0
BRDA:195,10,0,0
BRDA:195,10,1,0
BRF:24
BRH:0
end_of_record
TN:
SF:src/screens/EventCreationScreen.tsx
FN:22,(anonymous_0)
FN:34,(anonymous_1)
FN:38,(anonymous_2)
FN:51,(anonymous_3)
FN:84,(anonymous_4)
FN:153,(anonymous_5)
FN:179,(anonymous_6)
FN:198,(anonymous_7)
FNF:8
FNH:0
FNDA:0,(anonymous_0)
FNDA:0,(anonymous_1)
FNDA:0,(anonymous_2)
FNDA:0,(anonymous_3)
FNDA:0,(anonymous_4)
FNDA:0,(anonymous_5)
FNDA:0,(anonymous_6)
FNDA:0,(anonymous_7)
DA:22,0
DA:23,0
DA:24,0
DA:25,0
DA:26,0
DA:27,0
DA:28,0
DA:29,0
DA:30,0
DA:31,0
DA:34,0
DA:35,0
DA:38,0
DA:39,0
DA:40,0
DA:41,0
DA:42,0
DA:44,0
DA:45,0
DA:47,0
DA:51,0
DA:52,0
DA:53,0
DA:54,0
DA:57,0
DA:58,0
DA:59,0
DA:62,0
DA:63,0
DA:64,0
DA:65,0
DA:68,0
DA:69,0
DA:70,0
DA:78,0
DA:79,0
DA:81,0
DA:85,0
DA:86,0
DA:92,0
DA:93,0
DA:95,0
DA:99,0
DA:153,0
DA:180,0
DA:181,0
DA:199,0
DA:200,0
DA:201,0
DA:202,0
DA:203,0
DA:214,0
LF:52
LH:0
BRDA:52,0,0,0
BRDA:52,0,1,0
BRDA:57,1,0,0
BRDA:57,1,1,0
BRDA:62,2,0,0
BRDA:62,2,1,0
BRDA:63,3,0,0
BRDA:63,3,1,0
BRDA:63,4,0,0
BRDA:63,4,1,0
BRDA:63,4,2,0
BRDA:71,5,0,0
BRDA:71,5,1,0
BRDA:85,6,0,0
BRDA:85,6,1,0
BRDA:119,7,0,0
BRDA:119,7,1,0
BRDA:125,8,0,0
BRDA:125,8,1,0
BRDA:150,9,0,0
BRDA:150,9,1,0
BRDA:152,10,0,0
BRDA:152,10,1,0
BRDA:155,11,0,0
BRDA:155,11,1,0
BRDA:161,12,0,0
BRDA:161,12,1,0
BRDA:163,13,0,0
BRDA:163,13,1,0
BRDA:165,14,0,0
BRDA:165,14,1,0
BRDA:173,15,0,0
BRDA:173,15,1,0
BRDA:173,15,2,0
BRDA:190,16,0,0
BRDA:190,16,1,0
BRF:36
BRH:0
end_of_record
TN:
SF:src/screens/EventJoinScreen.tsx
FN:19,(anonymous_0)
FN:28,(anonymous_1)
FN:34,(anonymous_2)
FN:49,(anonymous_3)
FN:64,(anonymous_4)
FN:104,(anonymous_5)
FN:113,(anonymous_6)
FN:120,(anonymous_7)
FNF:8
FNH:0
FNDA:0,(anonymous_0)
FNDA:0,(anonymous_1)
FNDA:0,(anonymous_2)
FNDA:0,(anonymous_3)
FNDA:0,(anonymous_4)
FNDA:0,(anonymous_5)
FNDA:0,(anonymous_6)
FNDA:0,(anonymous_7)
DA:19,0
DA:20,0
DA:21,0
DA:22,0
DA:23,0
DA:24,0
DA:25,0
DA:26,0
DA:28,0
DA:29,0
DA:30,0
DA:34,0
DA:35,0
DA:38,0
DA:40,0
DA:41,0
DA:42,0
DA:43,0
DA:46,0
DA:49,0
DA:51,0
DA:52,0
DA:56,0
DA:57,0
DA:58,0
DA:61,0
DA:64,0
DA:65,0
DA:66,0
DA:67,0
DA:70,0
DA:71,0
DA:73,0
DA:75,0
DA:77,0
DA:78,0
DA:79,0
DA:80,0
DA:84,0
DA:85,0
DA:86,0
DA:87,0
DA:88,0
DA:92,0
DA:94,0
DA:95,0
DA:96,0
DA:98,0
DA:99,0
DA:100,0
DA:104,0
DA:105,0
DA:106,0
DA:107,0
DA:108,0
DA:110,0
DA:113,0
DA:114,0
DA:115,0
DA:116,0
DA:117,0
DA:120,0
DA:121,0
DA:122,0
DA:136,0
DA:137,0
DA:149,0
DA:150,0
DA:158,0
DA:232,0
DA:244,0
LF:71
LH:0
BRDA:29,0,0,0
BRDA:29,0,1,0
BRDA:35,1,0,0
BRDA:35,1,1,0
BRDA:40,2,0,0
BRDA:40,2,1,0
BRDA:51,3,0,0
BRDA:51,3,1,0
BRDA:57,4,0,0
BRDA:57,4,1,0
BRDA:65,5,0,0
BRDA:65,5,1,0
BRDA:77,6,0,0
BRDA:77,6,1,0
BRDA:84,7,0,0
BRDA:84,7,1,0
BRDA:106,8,0,0
BRDA:106,8,1,0
BRDA:121,9,0,0
BRDA:121,9,1,0
BRDA:121,10,0,0
BRDA:121,10,1,0
BRDA:127,11,0,0
BRDA:127,11,1,0
BRDA:136,12,0,0
BRDA:136,12,1,0
BRDA:149,13,0,0
BRDA:149,13,1,0
BRDA:163,14,0,0
BRDA:163,14,1,0
BRDA:168,15,0,0
BRDA:168,15,1,0
BRDA:208,16,0,0
BRDA:208,16,1,0
BRDA:210,17,0,0
BRDA:210,17,1,0
BRF:36
BRH:0
end_of_record
TN:
SF:src/screens/LoginScreen.tsx
FN:5,LoginScreen
FN:9,(anonymous_1)
FN:21,(anonymous_2)
FNF:3
FNH:0
FNDA:0,LoginScreen
FNDA:0,(anonymous_1)
FNDA:0,(anonymous_2)
DA:6,0
DA:7,0
DA:9,0
DA:10,0
DA:11,0
DA:12,0
DA:14,0
DA:15,0
DA:17,0
DA:21,0
DA:22,0
DA:23,0
DA:24,0
DA:26,0
DA:27,0
DA:29,0
DA:33,0
DA:71,0
LF:18
LH:0
BRDA:43,0,0,0
BRDA:43,0,1,0
BRF:2
BRH:0
end_of_record
TN:
SF:src/screens/PhotoFeedScreen.tsx
FN:34,(anonymous_0)
FN:49,(anonymous_1)
FN:49,(anonymous_2)
FN:74,(anonymous_3)
FN:75,(anonymous_4)
FN:77,(anonymous_5)
FN:80,(anonymous_6)
FN:92,(anonymous_7)
FN:94,(anonymous_8)
FN:107,(anonymous_9)
FN:108,(anonymous_10)
FN:116,(anonymous_11)
FN:121,(anonymous_12)
FN:123,(anonymous_13)
FN:128,(anonymous_14)
FN:141,(anonymous_15)
FN:142,(anonymous_16)
FN:144,(anonymous_17)
FN:153,(anonymous_18)
FN:156,(anonymous_19)
FN:159,(anonymous_20)
FN:160,(anonymous_21)
FN:165,(anonymous_22)
FN:166,(anonymous_23)
FN:171,(anonymous_24)
FN:179,(anonymous_25)
FN:182,(anonymous_26)
FN:183,(anonymous_27)
FN:188,(anonymous_28)
FN:189,(anonymous_29)
FN:194,(anonymous_30)
FN:197,(anonymous_31)
FN:200,(anonymous_32)
FN:201,(anonymous_33)
FN:206,(anonymous_34)
FN:207,(anonymous_35)
FN:212,(anonymous_36)
FN:213,(anonymous_37)
FN:219,(anonymous_38)
FN:220,(anonymous_39)
FN:226,(anonymous_40)
FN:239,(anonymous_41)
FN:254,(anonymous_42)
FN:275,(anonymous_43)
FN:285,(anonymous_44)
FN:295,(anonymous_45)
FN:303,(anonymous_46)
FN:313,(anonymous_47)
FN:318,(anonymous_48)
FN:324,(anonymous_49)
FN:342,(anonymous_50)
FN:358,(anonymous_51)
FN:391,(anonymous_52)
FN:397,(anonymous_53)
FN:404,(anonymous_54)
FN:415,(anonymous_55)
FN:423,(anonymous_56)
FN:430,(anonymous_57)
FN:435,(anonymous_58)
FN:441,(anonymous_59)
FN:462,(anonymous_60)
FN:486,(anonymous_61)
FN:494,(anonymous_62)
FNF:63
FNH:0
FNDA:0,(anonymous_0)
FNDA:0,(anonymous_1)
FNDA:0,(anonymous_2)
FNDA:0,(anonymous_3)
FNDA:0,(anonymous_4)
FNDA:0,(anonymous_5)
FNDA:0,(anonymous_6)
FNDA:0,(anonymous_7)
FNDA:0,(anonymous_8)
FNDA:0,(anonymous_9)
FNDA:0,(anonymous_10)
FNDA:0,(anonymous_11)
FNDA:0,(anonymous_12)
FNDA:0,(anonymous_13)
FNDA:0,(anonymous_14)
FNDA:0,(anonymous_15)
FNDA:0,(anonymous_16)
FNDA:0,(anonymous_17)
FNDA:0,(anonymous_18)
FNDA:0,(anonymous_19)
FNDA:0,(anonymous_20)
FNDA:0,(anonymous_21)
FNDA:0,(anonymous_22)
FNDA:0,(anonymous_23)
FNDA:0,(anonymous_24)
FNDA:0,(anonymous_25)
FNDA:0,(anonymous_26)
FNDA:0,(anonymous_27)
FNDA:0,(anonymous_28)
FNDA:0,(anonymous_29)
FNDA:0,(anonymous_30)
FNDA:0,(anonymous_31)
FNDA:0,(anonymous_32)
FNDA:0,(anonymous_33)
FNDA:0,(anonymous_34)
FNDA:0,(anonymous_35)
FNDA:0,(anonymous_36)
FNDA:0,(anonymous_37)
FNDA:0,(anonymous_38)
FNDA:0,(anonymous_39)
FNDA:0,(anonymous_40)
FNDA:0,(anonymous_41)
FNDA:0,(anonymous_42)
FNDA:0,(anonymous_43)
FNDA:0,(anonymous_44)
FNDA:0,(anonymous_45)
FNDA:0,(anonymous_46)
FNDA:0,(anonymous_47)
FNDA:0,(anonymous_48)
FNDA:0,(anonymous_49)
FNDA:0,(anonymous_50)
FNDA:0,(anonymous_51)
FNDA:0,(anonymous_52)
FNDA:0,(anonymous_53)
FNDA:0,(anonymous_54)
FNDA:0,(anonymous_55)
FNDA:0,(anonymous_56)
FNDA:0,(anonymous_57)
FNDA:0,(anonymous_58)
FNDA:0,(anonymous_59)
FNDA:0,(anonymous_60)
FNDA:0,(anonymous_61)
FNDA:0,(anonymous_62)
DA:34,0
DA:35,0
DA:36,0
DA:44,0
DA:45,0
DA:46,0
DA:49,0
DA:52,0
DA:55,0
DA:56,0
DA:59,0
DA:60,0
DA:61,0
DA:64,0
DA:67,0
DA:68,0
DA:71,0
DA:74,0
DA:75,0
DA:77,0
DA:78,0
DA:80,0
DA:81,0
DA:82,0
DA:83,0
DA:85,0
DA:86,0
DA:90,0
DA:92,0
DA:93,0
DA:94,0
DA:95,0
DA:96,0
DA:99,0
DA:103,0
DA:107,0
DA:108,0
DA:109,0
DA:111,0
DA:112,0
DA:115,0
DA:116,0
DA:119,0
DA:121,0
DA:122,0
DA:123,0
DA:124,0
DA:127,0
DA:129,0
DA:130,0
DA:131,0
DA:133,0
DA:134,0
DA:136,0
DA:141,0
DA:142,0
DA:143,0
DA:144,0
DA:145,0
DA:149,0
DA:153,0
DA:154,0
DA:156,0
DA:157,0
DA:159,0
DA:160,0
DA:162,0
DA:165,0
DA:166,0
DA:171,0
DA:172,0
DA:173,0
DA:174,0
DA:177,0
DA:179,0
DA:180,0
DA:182,0
DA:183,0
DA:185,0
DA:188,0
DA:189,0
DA:194,0
DA:195,0
DA:197,0
DA:198,0
DA:200,0
DA:201,0
DA:203,0
DA:206,0
DA:207,0
DA:212,0
DA:213,0
DA:218,0
DA:219,0
DA:220,0
DA:225,0
DA:226,0
DA:228,0
DA:230,0
DA:231,0
DA:234,0
DA:238,0
DA:240,0
DA:241,0
DA:242,0
DA:246,0
DA:255,0
DA:256,0
DA:257,0
DA:260,0
DA:274,0
DA:276,0
DA:278,0
DA:279,0
DA:284,0
DA:286,0
DA:287,0
DA:288,0
DA:291,0
DA:292,0
DA:295,0
DA:297,0
DA:298,0
DA:300,0
DA:301,0
DA:303,0
DA:304,0
DA:305,0
DA:306,0
DA:313,0
DA:314,0
DA:315,0
DA:318,0
DA:319,0
DA:320,0
DA:324,0
DA:325,0
DA:326,0
DA:329,0
DA:330,0
DA:333,0
DA:334,0
DA:337,0
DA:342,0
DA:358,0
DA:359,0
DA:360,0
DA:362,0
DA:391,0
DA:397,0
DA:404,0
DA:415,0
DA:416,0
DA:423,0
DA:424,0
DA:430,0
DA:431,0
DA:435,0
DA:441,0
DA:442,0
DA:443,0
DA:451,0
DA:452,0
DA:455,0
DA:456,0
DA:459,0
DA:462,0
DA:486,0
DA:494,0
DA:511,0
LF:170
LH:0
BRDA:46,0,0,0
BRDA:46,0,1,0
BRDA:78,1,0,0
BRDA:78,1,1,0
BRDA:95,2,0,0
BRDA:95,2,1,0
BRDA:109,3,0,0
BRDA:109,3,1,0
BRDA:109,4,0,0
BRDA:109,4,1,0
BRDA:116,5,0,0
BRDA:116,5,1,0
BRDA:119,6,0,0
BRDA:119,6,1,0
BRDA:157,7,0,0
BRDA:157,7,1,0
BRDA:172,8,0,0
BRDA:172,8,1,0
BRDA:180,9,0,0
BRDA:180,9,1,0
BRDA:198,10,0,0
BRDA:198,10,1,0
BRDA:228,11,0,0
BRDA:228,11,1,0
BRDA:230,12,0,0
BRDA:230,12,1,0
BRDA:240,13,0,0
BRDA:240,13,1,0
BRDA:240,14,0,0
BRDA:240,14,1,0
BRDA:262,15,0,0
BRDA:262,15,1,0
BRDA:276,16,0,0
BRDA:276,16,1,0
BRDA:278,17,0,0
BRDA:278,17,1,0
BRDA:279,18,0,0
BRDA:279,18,1,0
BRDA:286,19,0,0
BRDA:286,19,1,0
BRDA:291,20,0,0
BRDA:291,20,1,0
BRDA:301,21,0,0
BRDA:301,21,1,0
BRDA:325,22,0,0
BRDA:325,22,1,0
BRDA:325,23,0,0
BRDA:325,23,1,0
BRDA:329,24,0,0
BRDA:329,24,1,0
BRDA:329,25,0,0
BRDA:329,25,1,0
BRDA:333,26,0,0
BRDA:333,26,1,0
BRDA:351,27,0,0
BRDA:351,27,1,0
BRDA:365,28,0,0
BRDA:365,28,1,0
BRDA:373,29,0,0
BRDA:373,29,1,0
BRDA:384,30,0,0
BRDA:384,30,1,0
BRDA:394,31,0,0
BRDA:394,31,1,0
BRDA:395,32,0,0
BRDA:395,32,1,0
BRDA:399,33,0,0
BRDA:399,33,1,0
BRDA:401,34,0,0
BRDA:401,34,1,0
BRDA:401,34,2,0
BRDA:442,35,0,0
BRDA:442,35,1,0
BRDA:451,36,0,0
BRDA:451,36,1,0
BRDA:451,37,0,0
BRDA:451,37,1,0
BRDA:455,38,0,0
BRDA:455,38,1,0
BRDA:455,39,0,0
BRDA:455,39,1,0
BRDA:466,40,0,0
BRDA:466,40,1,0
BRDA:469,41,0,0
BRDA:469,41,1,0
BRDA:474,42,0,0
BRDA:474,42,1,0
BRDA:485,43,0,0
BRDA:485,43,1,0
BRDA:488,44,0,0
BRDA:488,44,1,0
BRDA:493,45,0,0
BRDA:493,45,1,0
BRDA:496,46,0,0
BRDA:496,46,1,0
BRDA:502,47,0,0
BRDA:502,47,1,0
BRDA:505,48,0,0
BRDA:505,48,1,0
BRDA:505,48,2,0
BRF:100
BRH:0
end_of_record
TN:
SF:src/screens/ProfileScreen.tsx
FN:8,(anonymous_0)
FN:72,(anonymous_1)
FN:94,(anonymous_2)
FNF:3
FNH:0
FNDA:0,(anonymous_0)
FNDA:0,(anonymous_1)
FNDA:0,(anonymous_2)
DA:8,0
DA:9,0
DA:15,0
DA:20,0
DA:26,0
DA:73,0
DA:95,0
DA:138,0
LF:8
LH:0
BRDA:97,0,0,0
BRDA:97,0,1,0
BRDA:97,1,0,0
BRDA:97,1,1,0
BRDA:101,2,0,0
BRDA:101,2,1,0
BRDA:103,3,0,0
BRDA:103,3,1,0
BRF:8
BRH:0
end_of_record
TN:
SF:src/screens/UploadInterface.tsx
FN:28,(anonymous_0)
FN:36,(anonymous_1)
FN:40,(anonymous_2)
FN:49,(anonymous_3)
FN:60,(anonymous_4)
FN:116,(anonymous_5)
FN:129,(anonymous_6)
FN:181,(anonymous_7)
FN:215,(anonymous_8)
FN:224,(anonymous_9)
FNF:10
FNH:0
FNDA:0,(anonymous_0)
FNDA:0,(anonymous_1)
FNDA:0,(anonymous_2)
FNDA:0,(anonymous_3)
FNDA:0,(anonymous_4)
FNDA:0,(anonymous_5)
FNDA:0,(anonymous_6)
FNDA:0,(anonymous_7)
FNDA:0,(anonymous_8)
FNDA:0,(anonymous_9)
DA:28,0
DA:29,0
DA:30,0
DA:31,0
DA:32,0
DA:33,0
DA:34,0
DA:36,0
DA:37,0
DA:40,0
DA:41,0
DA:42,0
DA:43,0
DA:45,0
DA:46,0
DA:49,0
DA:50,0
DA:51,0
DA:54,0
DA:55,0
DA:56,0
DA:60,0
DA:61,0
DA:62,0
DA:63,0
DA:66,0
DA:67,0
DA:68,0
DA:69,0
DA:73,0
DA:74,0
DA:86,0
DA:88,0
DA:89,0
DA:91,0
DA:93,0
DA:94,0
DA:95,0
DA:104,0
DA:109,0
DA:110,0
DA:111,0
DA:112,0
DA:116,0
DA:117,0
DA:121,0
DA:124,0
DA:126,0
DA:130,0
DA:131,0
DA:136,0
DA:139,0
DA:140,0
DA:141,0
DA:142,0
DA:151,0
DA:157,0
DA:158,0
DA:167,0
DA:171,0
DA:172,0
DA:173,0
DA:177,0
DA:181,0
DA:215,0
DA:224,0
DA:273,0
LF:67
LH:0
BRDA:41,0,0,0
BRDA:41,0,1,0
BRDA:50,1,0,0
BRDA:50,1,1,0
BRDA:55,2,0,0
BRDA:55,2,1,0
BRDA:61,3,0,0
BRDA:61,3,1,0
BRDA:67,4,0,0
BRDA:67,4,1,0
BRDA:93,5,0,0
BRDA:93,5,1,0
BRDA:139,6,0,0
BRDA:139,6,1,0
BRDA:185,7,0,0
BRDA:185,7,1,0
BRDA:187,8,0,0
BRDA:187,8,1,0
BRDA:187,8,2,0
BRDA:189,9,0,0
BRDA:189,9,1,0
BRDA:197,10,0,0
BRDA:197,10,1,0
BRDA:204,11,0,0
BRDA:204,11,1,0
BRDA:235,12,0,0
BRDA:235,12,1,0
BRDA:259,13,0,0
BRDA:259,13,1,0
BRF:29
BRH:0
end_of_record
TN:
SF:src/screens/index.ts
FNF:0
FNH:0
LF:0
LH:0
BRF:0
BRH:0
end_of_record
TN:
SF:src/services/commentService.ts
FN:29,generateCommentId
FN:37,addComment
FN:51,(anonymous_2)
FN:69,deleteComment
FN:91,(anonymous_4)
FN:107,getCommentCount
FN:123,subscribeToCommentCount
FN:131,(anonymous_7)
FN:140,(anonymous_8)
FN:151,subscribeToComments
FN:160,(anonymous_10)
FN:161,(anonymous_11)
FN:173,(anonymous_12)
FNF:13
FNH:12
FNDA:4,generateCommentId
FNDA:2,addComment
FNDA:2,(anonymous_2)
FNDA:4,deleteComment
FNDA:2,(anonymous_4)
FNDA:3,getCommentCount
FNDA:2,subscribeToCommentCount
FNDA:2,(anonymous_7)
FNDA:0,(anonymous_8)
FNDA:2,subscribeToComments
FNDA:1,(anonymous_10)
FNDA:2,(anonymous_11)
FNDA:1,(anonymous_12)
DA:23,1
DA:30,4
DA:38,2
DA:39,2
DA:41,2
DA:50,2
DA:51,2
DA:52,2
DA:53,2
DA:54,1
DA:56,1
DA:61,1
DA:74,4
DA:77,4
DA:78,4
DA:79,1
DA:82,3
DA:83,3
DA:84,1
DA:87,2
DA:90,2
DA:91,2
DA:92,2
DA:93,2
DA:94,0
DA:96,2
DA:97,2
DA:98,2
DA:108,3
DA:109,3
DA:111,3
DA:112,1
DA:115,2
DA:116,2
DA:127,2
DA:129,2
DA:132,2
DA:133,1
DA:134,1
DA:135,1
DA:137,1
DA:141,0
DA:155,2
DA:156,2
DA:158,2
DA:161,1
DA:162,2
DA:163,2
DA:171,1
DA:174,1
LF:50
LH:48
BRDA:53,0,0,1
BRDA:53,0,1,1
BRDA:78,1,0,1
BRDA:78,1,1,3
BRDA:83,2,0,1
BRDA:83,2,1,2
BRDA:93,3,0,0
BRDA:93,3,1,2
BRDA:96,4,0,2
BRDA:96,4,1,0
BRDA:111,5,0,1
BRDA:111,5,1,2
BRDA:116,6,0,2
BRDA:116,6,1,1
BRDA:132,7,0,1
BRDA:132,7,1,1
BRDA:134,8,0,1
BRDA:134,8,1,0
BRF:18
BRH:15
end_of_record
TN:
SF:src/services/eventService.ts
FN:20,isCodeUnique
FN:29,createEvent
FN:63,getEventByCode
FN:82,joinEvent
FNF:4
FNH:4
FNDA:2,isCodeUnique
FNDA:4,createEvent
FNDA:2,getEventByCode
FNDA:3,joinEvent
DA:15,1
DA:21,2
DA:22,2
DA:23,2
DA:36,4
DA:38,4
DA:40,4
DA:42,4
DA:55,4
DA:57,4
DA:64,2
DA:65,2
DA:67,2
DA:68,1
DA:72,1
DA:73,1
DA:83,3
DA:87,3
DA:88,3
DA:89,2
DA:90,2
DA:91,1
DA:92,1
LF:23
LH:23
BRDA:33,0,0,3
BRDA:50,1,0,4
BRDA:50,1,1,1
BRDA:67,2,0,1
BRDA:67,2,1,1
BRDA:88,3,0,2
BRDA:88,3,1,1
BRDA:90,4,0,1
BRDA:90,4,1,1
BRF:9
BRH:9
end_of_record
TN:
SF:src/services/firebase.ts
FN:56,firebaseUserToAppUser
FN:66,storeUserMapping
FN:81,getUserMapping
FN:94,signInAnonymouslyLocally
FN:115,signInWithGoogle
FN:177,onAuthStateChangedListener
FN:178,(anonymous_6)
FNF:7
FNH:7
FNDA:3,firebaseUserToAppUser
FNDA:4,storeUserMapping
FNDA:3,getUserMapping
FNDA:1,signInAnonymouslyLocally
FNDA:4,signInWithGoogle
FNDA:2,onAuthStateChangedListener
FNDA:2,(anonymous_6)
DA:21,1
DA:24,1
DA:34,1
DA:35,1
DA:36,1
DA:37,1
DA:40,1
DA:41,1
DA:42,1
DA:43,1
DA:47,1
DA:50,1
DA:57,3
DA:67,4
DA:68,4
DA:69,4
DA:70,4
DA:74,4
DA:76,0
DA:82,3
DA:83,3
DA:84,3
DA:85,2
DA:86,2
DA:88,0
DA:89,0
DA:95,1
DA:96,1
DA:99,1
DA:102,1
DA:103,1
DA:111,1
DA:116,4
DA:118,4
DA:121,4
DA:126,4
DA:133,4
DA:135,4
DA:136,2
DA:137,1
DA:139,1
DA:143,2
DA:145,2
DA:146,1
DA:150,1
DA:153,1
DA:154,1
DA:157,1
DA:160,1
DA:161,1
DA:169,1
DA:171,3
DA:172,3
DA:178,2
DA:179,2
DA:180,1
DA:182,1
LF:57
LH:54
BRDA:34,0,0,1
BRDA:34,0,1,0
BRDA:40,1,0,1
BRDA:40,1,1,0
BRDA:59,2,0,3
BRDA:59,2,1,0
BRDA:60,3,0,3
BRDA:60,3,1,0
BRDA:61,4,0,3
BRDA:61,4,1,0
BRDA:69,5,0,1
BRDA:69,5,1,3
BRDA:84,6,0,1
BRDA:84,6,1,2
BRDA:86,7,0,2
BRDA:86,7,1,1
BRDA:105,8,0,1
BRDA:105,8,1,0
BRDA:106,9,0,1
BRDA:106,9,1,0
BRDA:107,10,0,1
BRDA:107,10,1,0
BRDA:135,11,0,2
BRDA:135,11,1,2
BRDA:136,12,0,1
BRDA:136,12,1,1
BRDA:145,13,0,1
BRDA:145,13,1,1
BRDA:163,14,0,1
BRDA:163,14,1,0
BRDA:164,15,0,1
BRDA:164,15,1,0
BRDA:165,16,0,1
BRDA:165,16,1,0
BRDA:179,17,0,1
BRDA:179,17,1,1
BRF:36
BRH:25
end_of_record
TN:
SF:src/services/index.ts
FNF:0
FNH:0
LF:0
LH:0
BRF:0
BRH:0
end_of_record
TN:
SF:src/services/likeService.ts
FN:22,generateLikeId
FN:30,likePhoto
FN:40,(anonymous_2)
FN:55,unlikePhoto
FN:68,(anonymous_4)
FN:85,toggleLike
FN:100,getLikeCount
FN:115,hasUserLiked
FN:125,subscribeToLikeCount
FN:133,(anonymous_9)
FN:142,(anonymous_10)
FN:153,subscribeToUserLike
FN:162,(anonymous_12)
FN:165,(anonymous_13)
FNF:14
FNH:12
FNDA:2,generateLikeId
FNDA:2,likePhoto
FNDA:1,(anonymous_2)
FNDA:3,unlikePhoto
FNDA:2,(anonymous_4)
FNDA:2,toggleLike
FNDA:3,getLikeCount
FNDA:2,hasUserLiked
FNDA:2,subscribeToLikeCount
FNDA:2,(anonymous_9)
FNDA:0,(anonymous_10)
FNDA:1,subscribeToUserLike
FNDA:1,(anonymous_12)
FNDA:0,(anonymous_13)
DA:17,1
DA:23,2
DA:31,2
DA:33,2
DA:39,2
DA:40,2
DA:41,1
DA:42,1
DA:43,1
DA:45,0
DA:56,3
DA:59,3
DA:60,3
DA:61,1
DA:64,2
DA:67,2
DA:68,2
DA:69,2
DA:70,2
DA:71,0
DA:73,2
DA:74,2
DA:75,2
DA:86,2
DA:88,2
DA:89,1
DA:90,1
DA:92,1
DA:93,1
DA:101,3
DA:102,3
DA:104,3
DA:105,1
DA:108,2
DA:109,2
DA:116,2
DA:117,2
DA:118,2
DA:129,2
DA:131,2
DA:134,2
DA:135,1
DA:136,1
DA:137,1
DA:139,1
DA:143,0
DA:144,0
DA:158,1
DA:160,1
DA:163,1
DA:166,0
DA:167,0
LF:52
LH:46
BRDA:42,0,0,1
BRDA:42,0,1,0
BRDA:60,1,0,1
BRDA:60,1,1,2
BRDA:70,2,0,0
BRDA:70,2,1,2
BRDA:73,3,0,2
BRDA:73,3,1,1
BRDA:88,4,0,1
BRDA:88,4,1,1
BRDA:104,5,0,1
BRDA:104,5,1,2
BRDA:109,6,0,2
BRDA:109,6,1,1
BRDA:134,7,0,1
BRDA:134,7,1,1
BRDA:136,8,0,1
BRDA:136,8,1,0
BRF:18
BRH:15
end_of_record
TN:
SF:src/services/offlineQueue.ts
FN:26,ensureOfflineDir
FN:36,cacheImageLocally
FN:56,getOfflineQueue
FN:69,addToOfflineQueue
FN:94,removeFromOfflineQueue
FN:96,(anonymous_5)
FN:103,updateItemRetry
FN:105,(anonymous_7)
FN:119,clearOfflineQueue
FN:126,getOfflineQueueCount
FN:134,isOnline
FN:148,processOfflineQueue
FN:214,(anonymous_12)
FN:222,initializeOfflineQueue
FNF:14
FNH:14
FNDA:4,ensureOfflineDir
FNDA:2,cacheImageLocally
FNDA:14,getOfflineQueue
FNDA:2,addToOfflineQueue
FNDA:2,removeFromOfflineQueue
FNDA:3,(anonymous_5)
FNDA:1,updateItemRetry
FNDA:1,(anonymous_7)
FNDA:1,clearOfflineQueue
FNDA:1,getOfflineQueueCount
FNDA:5,isOnline
FNDA:5,processOfflineQueue
FNDA:1,(anonymous_12)
FNDA:2,initializeOfflineQueue
DA:6,1
DA:7,1
DA:27,4
DA:28,3
DA:29,3
DA:37,2
DA:38,2
DA:39,2
DA:41,2
DA:42,2
DA:46,2
DA:48,0
DA:49,0
DA:57,14
DA:58,14
DA:59,13
DA:61,1
DA:62,1
DA:72,2
DA:73,2
DA:79,2
DA:80,2
DA:81,2
DA:83,0
DA:84,0
DA:87,2
DA:88,2
DA:95,2
DA:96,3
DA:97,2
DA:104,1
DA:105,1
DA:106,1
DA:107,1
DA:108,1
DA:109,1
DA:110,1
DA:112,1
DA:120,1
DA:127,1
DA:128,1
DA:135,5
DA:137,5
DA:138,4
DA:140,1
DA:149,5
DA:150,5
DA:151,1
DA:154,4
DA:156,4
DA:157,4
DA:159,4
DA:160,4
DA:162,4
DA:163,1
DA:164,1
DA:168,3
DA:169,3
DA:170,1
DA:171,1
DA:175,2
DA:176,2
DA:177,0
DA:178,0
DA:179,0
DA:183,2
DA:195,1
DA:196,1
DA:199,1
DA:200,1
DA:201,1
DA:203,0
DA:207,1
DA:208,1
DA:209,1
DA:212,1
DA:213,1
DA:214,1
DA:223,2
DA:224,2
DA:225,1
DA:228,1
DA:230,1
LF:83
LH:75
BRDA:28,0,0,3
BRDA:28,0,1,0
BRDA:38,1,0,2
BRDA:38,1,1,0
BRDA:59,2,0,10
BRDA:59,2,1,3
BRDA:106,3,0,1
BRDA:106,3,1,0
BRDA:109,4,0,1
BRDA:109,4,1,0
BRDA:150,5,0,1
BRDA:150,5,1,4
BRDA:162,6,0,1
BRDA:162,6,1,3
BRDA:169,7,0,1
BRDA:169,7,1,2
BRDA:175,8,0,2
BRDA:175,8,1,0
BRDA:176,9,0,0
BRDA:176,9,1,2
BRDA:176,10,0,2
BRDA:176,10,1,2
BRDA:199,11,0,1
BRDA:199,11,1,0
BRDA:199,12,0,1
BRDA:199,12,1,1
BRDA:208,13,0,1
BRDA:208,13,1,0
BRF:28
BRH:20
end_of_record
TN:
SF:src/services/participantService.ts
FN:29,getParticipantsWithStats
FN:48,(anonymous_1)
FN:71,(anonymous_2)
FN:92,getUserProfiles
FN:99,(anonymous_4)
FN:112,getEnrichedParticipants
FN:119,(anonymous_6)
FNF:7
FNH:7
FNDA:7,getParticipantsWithStats
FNDA:9,(anonymous_1)
FNDA:7,(anonymous_2)
FNDA:3,getUserProfiles
FNDA:3,(anonymous_4)
FNDA:2,getEnrichedParticipants
FNDA:4,(anonymous_6)
DA:30,7
DA:32,7
DA:33,7
DA:35,6
DA:36,1
DA:39,5
DA:40,5
DA:42,5
DA:43,1
DA:47,4
DA:50,9
DA:56,9
DA:57,9
DA:61,9
DA:71,4
DA:72,7
DA:73,7
DA:75,0
DA:78,4
DA:80,1
DA:81,1
DA:95,3
DA:99,3
DA:100,3
DA:106,3
DA:116,2
DA:119,4
DA:126,2
LF:28
LH:27
BRDA:35,0,0,1
BRDA:35,0,1,5
BRDA:40,1,0,5
BRDA:40,1,1,0
BRDA:42,2,0,1
BRDA:42,2,1,4
BRDA:72,3,0,7
BRDA:72,3,1,0
BRDA:121,4,0,4
BRDA:121,4,1,4
BRDA:123,5,0,2
BRDA:123,5,1,2
BRF:12
BRH:10
end_of_record
TN:
SF:src/services/photoService.ts
FN:36,generatePhotoId
FN:48,uploadPhotoToStorage
FN:70,(anonymous_2)
FN:74,(anonymous_3)
FN:94,savePhotoMetadata
FN:120,deletePhoto
FN:153,uploadAndSavePhoto
FN:197,subscribeToPhotos
FN:211,(anonymous_8)
FN:212,(anonymous_9)
FN:229,(anonymous_10)
FN:245,loadPhotosBatch
FN:266,(anonymous_12)
FN:295,loadInitialPhotos
FN:306,canDeletePhoto
FN:348,deletePhotoWithPermission
FNF:16
FNH:14
FNDA:3,generatePhotoId
FNDA:6,uploadPhotoToStorage
FNDA:2,(anonymous_2)
FNDA:0,(anonymous_3)
FNDA:4,savePhotoMetadata
FNDA:4,deletePhoto
FNDA:3,uploadAndSavePhoto
FNDA:3,subscribeToPhotos
FNDA:1,(anonymous_8)
FNDA:2,(anonymous_9)
FNDA:1,(anonymous_10)
FNDA:4,loadPhotosBatch
FNDA:1,(anonymous_12)
FNDA:0,loadInitialPhotos
FNDA:8,canDeletePhoto
FNDA:3,deletePhotoWithPermission
DA:31,1
DA:37,3
DA:54,6
DA:56,6
DA:57,6
DA:60,6
DA:61,6
DA:64,6
DA:67,6
DA:68,2
DA:71,2
DA:72,2
DA:75,0
DA:81,6
DA:83,5
DA:85,1
DA:86,1
DA:99,4
DA:100,4
DA:102,4
DA:107,4
DA:109,0
DA:110,0
DA:125,4
DA:127,4
DA:128,4
DA:129,4
DA:131,1
DA:135,4
DA:137,4
DA:139,0
DA:140,0
DA:165,3
DA:168,3
DA:171,3
DA:181,3
DA:184,3
DA:202,3
DA:209,3
DA:212,1
DA:213,2
DA:214,2
DA:227,1
DA:230,1
DA:231,1
DA:235,3
DA:250,4
DA:252,4
DA:260,4
DA:261,1
DA:265,4
DA:266,3
DA:267,1
DA:268,1
DA:283,3
DA:285,3
DA:287,1
DA:288,1
DA:299,0
DA:311,8
DA:313,8
DA:314,8
DA:316,6
DA:317,1
DA:320,5
DA:323,5
DA:324,3
DA:328,2
DA:329,2
DA:331,2
DA:332,2
DA:333,2
DA:334,1
DA:338,1
DA:340,2
DA:341,2
DA:354,3
DA:356,3
DA:357,1
DA:361,2
DA:362,2
DA:364,2
DA:365,1
DA:368,1
DA:369,1
DA:372,1
LF:86
LH:80
BRDA:67,0,0,2
BRDA:67,0,1,4
BRDA:127,1,0,4
BRDA:127,1,1,2
BRDA:165,2,0,3
BRDA:165,2,1,1
BRDA:220,3,0,2
BRDA:220,3,1,2
BRDA:223,4,0,2
BRDA:223,4,1,2
BRDA:224,5,0,2
BRDA:224,5,1,2
BRDA:247,6,0,2
BRDA:260,7,0,1
BRDA:260,7,1,3
BRDA:274,8,0,1
BRDA:274,8,1,1
BRDA:277,9,0,1
BRDA:277,9,1,1
BRDA:278,10,0,1
BRDA:278,10,1,1
BRDA:283,11,0,3
BRDA:283,11,1,2
BRDA:297,12,0,0
BRDA:316,13,0,1
BRDA:316,13,1,5
BRDA:323,14,0,3
BRDA:323,14,1,2
BRDA:331,15,0,2
BRDA:331,15,1,0
BRDA:333,16,0,1
BRDA:333,16,1,1
BRDA:356,17,0,1
BRDA:356,17,1,2
BRDA:364,18,0,1
BRDA:364,18,1,1
BRF:36
BRH:34
end_of_record
TN:
SF:src/types/index.ts
FNF:0
FNH:0
LF:0
LH:0
BRF:0
BRH:0
end_of_record
TN:
SF:src/utils/codeGenerator.ts
FN:6,generateEventCode
FN:52,isValidEventCode
FNF:2
FNH:2
FNDA:105,generateEventCode
FNDA:19,isValidEventCode
DA:9,105
DA:10,105
DA:13,105
DA:14,105
DA:15,105
DA:17,105
DA:19,117
DA:20,117
DA:21,351
DA:22,351
DA:26,117
DA:27,117
DA:28,351
DA:29,351
DA:32,117
DA:33,117
DA:35,117
DA:36,14
DA:38,103
DA:42,105
DA:43,1
DA:46,104
DA:53,19
DA:54,2
DA:56,17
DA:57,17
LF:26
LH:26
BRDA:35,0,0,14
BRDA:35,0,1,103
BRDA:40,1,0,117
BRDA:40,1,1,13
BRDA:42,2,0,1
BRDA:42,2,1,104
BRDA:53,3,0,2
BRDA:53,3,1,17
BRF:8
BRH:8
end_of_record
TN:
SF:src/utils/imagePicker.ts
FN:19,compressImage
FN:69,requestMediaPermissions
FN:110,takePhoto
FN:147,pickFromGallery
FN:185,pickImage
FNF:5
FNH:5
FNDA:8,compressImage
FNDA:16,requestMediaPermissions
FNDA:6,takePhoto
FNDA:5,pickFromGallery
FNDA:3,pickImage
DA:12,1
DA:13,1
DA:24,8
DA:26,8
DA:27,3
DA:31,5
DA:32,5
DA:34,5
DA:35,4
DA:36,4
DA:38,1
DA:39,1
DA:43,5
DA:53,4
DA:59,1
DA:61,1
DA:70,16
DA:71,1
DA:74,15
DA:75,15
DA:77,15
DA:78,6
DA:83,6
DA:86,9
DA:87,1
DA:92,1
DA:95,8
DA:96,1
DA:101,1
DA:104,7
DA:111,6
DA:112,6
DA:113,3
DA:116,3
DA:117,3
DA:124,2
DA:125,0
DA:128,2
DA:130,2
DA:136,2
DA:138,1
DA:139,1
DA:140,1
DA:148,5
DA:149,5
DA:150,2
DA:153,3
DA:154,3
DA:161,2
DA:162,0
DA:165,2
DA:167,2
DA:173,2
DA:175,1
DA:176,1
DA:177,1
DA:186,3
DA:187,2
DA:189,1
LF:59
LH:57
BRDA:26,0,0,3
BRDA:26,0,1,5
BRDA:26,1,0,8
BRDA:26,1,1,4
BRDA:34,2,0,4
BRDA:34,2,1,1
BRDA:70,3,0,1
BRDA:70,3,1,15
BRDA:77,4,0,6
BRDA:77,4,1,9
BRDA:77,5,0,15
BRDA:77,5,1,7
BRDA:86,6,0,1
BRDA:86,6,1,8
BRDA:95,7,0,1
BRDA:95,7,1,7
BRDA:112,8,0,3
BRDA:112,8,1,3
BRDA:124,9,0,0
BRDA:124,9,1,2
BRDA:149,10,0,2
BRDA:149,10,1,3
BRDA:161,11,0,0
BRDA:161,11,1,2
BRDA:186,12,0,2
BRDA:186,12,1,1
BRF:26
BRH:24
end_of_record
TN:
SF:src/utils/index.ts
FNF:0
FNH:0
LF:0
LH:0
BRF:0
BRH:0
end_of_record
